# step       rmse_val    rmse_trn    rmse_e_val  rmse_e_trn    rmse_f_val  rmse_f_trn   lr      
# If there is no available reference data, rmse_*_{val,trn} will print nan
      1      2.36e+01    2.08e+01      2.64e-02    1.08e-01      7.46e-01    6.57e-01    1.0e-03
   1000      1.08e+01    1.84e+01      1.53e-01    1.55e-02      3.42e-01    5.82e-01    1.0e-03
   2000      1.26e+01    1.11e+01      2.36e-01    2.57e-03      4.00e-01    3.51e-01    1.0e-03
   3000      9.48e+00    8.15e+00      6.57e-02    2.10e-03      3.00e-01    2.58e-01    1.0e-03
   4000      6.90e+00    9.68e+00      2.49e-02    5.54e-02      2.18e-01    3.06e-01    1.0e-03
   5000      5.82e+00    9.35e+00      4.96e-02    8.46e-02      1.84e-01    2.96e-01    1.0e-03
   6000      7.26e+00    6.58e+00      1.68e-02    3.19e-03      2.35e-01    2.13e-01    9.5e-04
   7000      6.61e+00    5.10e+00      8.35e-03    1.29e-02      2.15e-01    1.65e-01    9.5e-04
   8000      8.23e+00    7.73e+00      8.16e-03    4.50e-02      2.67e-01    2.51e-01    9.5e-04
   9000      6.94e+00    4.99e+00      1.68e-01    8.24e-02      2.25e-01    1.62e-01    9.5e-04
  10000      3.82e+00    4.80e+00      1.63e-02    1.40e-03      1.24e-01    1.56e-01    9.5e-04
  11000      4.18e+00    4.58e+00      9.83e-03    9.86e-03      1.39e-01    1.52e-01    9.0e-04
  12000      6.01e+00    6.26e+00      4.63e-02    4.29e-02      2.00e-01    2.08e-01    9.0e-04
  13000      5.51e+00    4.21e+00      9.09e-03    4.93e-02      1.83e-01    1.40e-01    9.0e-04
  14000      6.03e+00    6.29e+00      2.54e-03    4.45e-02      2.01e-01    2.09e-01    9.0e-04
  15000      4.69e+00    4.81e+00      7.00e-03    1.38e-02      1.56e-01    1.60e-01    9.0e-04
  16000      4.33e+00    5.68e+00      3.70e-02    3.51e-02      1.48e-01    1.94e-01    8.6e-04
  17000      5.69e+00    5.09e+00      3.33e-02    3.14e-02      1.94e-01    1.74e-01    8.6e-04
  18000      4.28e+00    3.35e+00      1.21e-02    1.69e-02      1.46e-01    1.14e-01    8.6e-04
  19000      6.07e+00    3.77e+00      1.48e-01    4.74e-03      2.07e-01    1.29e-01    8.6e-04
  20000      4.48e+00    5.85e+00      4.76e-02    1.52e-02      1.53e-01    2.00e-01    8.6e-04
  21000      3.52e+00    3.89e+00      2.24e-02    8.28e-03      1.23e-01    1.36e-01    8.1e-04
  22000      3.87e+00    4.15e+00      2.45e-02    7.25e-02      1.36e-01    1.45e-01    8.1e-04
  23000      4.85e+00    4.58e+00      9.89e-02    7.84e-03      1.70e-01    1.60e-01    8.1e-04
  24000      5.03e+00    4.64e+00      1.46e-02    6.70e-03      1.76e-01    1.62e-01    8.1e-04
  25000      5.29e+00    4.63e+00      1.10e-02    3.74e-02      1.85e-01    1.62e-01    8.1e-04
  26000      5.25e+00    4.34e+00      1.21e-01    1.14e-02      1.88e-01    1.56e-01    7.7e-04
  27000      3.53e+00    3.77e+00      1.59e-02    5.79e-02      1.27e-01    1.35e-01    7.7e-04
  28000      4.69e+00    3.65e+00      2.53e-02    3.43e-02      1.69e-01    1.31e-01    7.7e-04
  29000      4.18e+00    3.57e+00      3.77e-02    1.18e-03      1.50e-01    1.28e-01    7.7e-04
  30000      4.51e+00    3.08e+00      3.48e-02    7.32e-02      1.62e-01    1.11e-01    7.7e-04
  31000      3.33e+00    3.93e+00      5.85e-02    3.40e-02      1.23e-01    1.45e-01    7.4e-04
  32000      4.10e+00    3.98e+00      3.14e-02    3.83e-02      1.51e-01    1.47e-01    7.4e-04
  33000      3.20e+00    3.21e+00      3.54e-02    2.67e-02      1.18e-01    1.18e-01    7.4e-04
  34000      4.42e+00    4.04e+00      2.81e-02    2.47e-03      1.63e-01    1.49e-01    7.4e-04
  35000      3.48e+00    5.81e+00      3.03e-02    9.61e-03      1.28e-01    2.14e-01    7.4e-04
  36000      3.54e+00    3.12e+00      6.53e-02    9.80e-03      1.34e-01    1.18e-01    7.0e-04
  37000      3.19e+00    3.88e+00      3.33e-02    9.80e-03      1.21e-01    1.47e-01    7.0e-04
  38000      3.80e+00    3.35e+00      1.10e-02    2.65e-02      1.44e-01    1.27e-01    7.0e-04
  39000      2.76e+00    2.17e+00      6.17e-02    4.47e-02      1.04e-01    8.19e-02    7.0e-04
  40000      3.64e+00    4.06e+00      5.31e-03    6.61e-02      1.38e-01    1.53e-01    7.0e-04
  41000      2.64e+00    4.13e+00      3.55e-02    3.45e-02      1.03e-01    1.60e-01    6.6e-04
  42000      2.28e+00    3.03e+00      1.53e-02    1.80e-02      8.86e-02    1.17e-01    6.6e-04
  43000      2.58e+00    3.61e+00      6.23e-02    1.19e-02      9.98e-02    1.40e-01    6.6e-04
  44000      3.05e+00    3.90e+00      1.87e-02    1.91e-03      1.18e-01    1.52e-01    6.6e-04
  45000      3.00e+00    2.26e+00      4.87e-02    1.84e-02      1.16e-01    8.76e-02    6.6e-04
  46000      2.95e+00    3.33e+00      1.45e-02    8.77e-03      1.17e-01    1.33e-01    6.3e-04
  47000      3.13e+00    2.37e+00      2.34e-02    4.15e-02      1.24e-01    9.43e-02    6.3e-04
  48000      2.97e+00    3.04e+00      1.72e-03    6.77e-03      1.18e-01    1.21e-01    6.3e-04
  49000      2.96e+00    2.73e+00      8.86e-04    1.41e-02      1.18e-01    1.09e-01    6.3e-04
  50000      2.58e+00    2.72e+00      4.68e-02    5.33e-02      1.02e-01    1.08e-01    6.3e-04
  51000      3.66e+00    2.66e+00      3.22e-02    5.56e-02      1.49e-01    1.09e-01    6.0e-04
  52000      2.10e+00    2.23e+00      5.01e-03    8.83e-03      8.60e-02    9.10e-02    6.0e-04
  53000      3.17e+00    2.74e+00      2.92e-02    1.97e-02      1.29e-01    1.12e-01    6.0e-04
  54000      2.59e+00    3.39e+00      2.90e-02    6.35e-03      1.06e-01    1.39e-01    6.0e-04
  55000      2.39e+00    2.74e+00      2.28e-02    1.38e-02      9.74e-02    1.12e-01    6.0e-04
  56000      3.02e+00    2.88e+00      8.04e-03    3.79e-02      1.27e-01    1.21e-01    5.7e-04
  57000      2.32e+00    1.73e+00      1.25e-02    3.93e-02      9.72e-02    7.25e-02    5.7e-04
  58000      1.80e+00    2.50e+00      3.52e-02    4.55e-02      7.51e-02    1.04e-01    5.7e-04
  59000      2.40e+00    2.57e+00      1.81e-02    6.38e-03      1.01e-01    1.08e-01    5.7e-04
  60000      3.02e+00    2.70e+00      3.13e-02    1.41e-02      1.27e-01    1.13e-01    5.7e-04
  61000      2.45e+00    2.40e+00      1.06e-01    4.54e-02      1.04e-01    1.03e-01    5.4e-04
  62000      2.01e+00    2.23e+00      7.41e-03    4.13e-02      8.65e-02    9.58e-02    5.4e-04
  63000      1.78e+00    2.01e+00      3.51e-02    1.62e-04      7.66e-02    8.65e-02    5.4e-04
  64000      3.03e+00    1.84e+00      2.67e-02    3.54e-02      1.30e-01    7.89e-02    5.4e-04
  65000      3.13e+00    2.19e+00      6.06e-02    3.72e-02      1.34e-01    9.41e-02    5.4e-04
  66000      2.18e+00    1.39e+00      4.90e-03    3.23e-02      9.62e-02    6.12e-02    5.1e-04
  67000      3.09e+00    2.08e+00      9.28e-03    1.50e-02      1.36e-01    9.17e-02    5.1e-04
  68000      2.02e+00    1.62e+00      2.66e-02    1.62e-02      8.90e-02    7.15e-02    5.1e-04
  69000      2.40e+00    1.84e+00      3.31e-02    3.61e-02      1.06e-01    8.11e-02    5.1e-04
  70000      2.43e+00    1.95e+00      5.80e-03    1.40e-02      1.07e-01    8.59e-02    5.1e-04
  71000      2.14e+00    2.07e+00      9.75e-03    3.33e-02      9.66e-02    9.37e-02    4.9e-04
  72000      1.72e+00    1.78e+00      2.84e-02    9.50e-03      7.77e-02    8.05e-02    4.9e-04
  73000      2.46e+00    2.49e+00      1.16e-02    4.49e-03      1.11e-01    1.13e-01    4.9e-04
  74000      2.23e+00    2.72e+00      2.59e-02    3.22e-02      1.01e-01    1.23e-01    4.9e-04
  75000      2.13e+00    2.32e+00      7.92e-02    1.22e-03      9.58e-02    1.05e-01    4.9e-04
  76000      1.92e+00    2.45e+00      2.87e-02    2.41e-02      8.92e-02    1.14e-01    4.6e-04
  77000      2.22e+00    2.11e+00      1.09e-02    9.96e-03      1.03e-01    9.82e-02    4.6e-04
  78000      2.44e+00    1.80e+00      2.78e-02    3.40e-02      1.13e-01    8.32e-02    4.6e-04
  79000      2.06e+00    2.93e+00      2.87e-02    3.85e-02      9.56e-02    1.36e-01    4.6e-04
  80000      2.28e+00    2.16e+00      2.60e-02    1.41e-01      1.06e-01    9.70e-02    4.6e-04
  81000      1.86e+00    1.76e+00      2.53e-02    5.24e-03      8.83e-02    8.36e-02    4.4e-04
  82000      2.52e+00    1.80e+00      3.20e-02    4.09e-02      1.20e-01    8.53e-02    4.4e-04
  83000      1.65e+00    1.93e+00      5.30e-02    1.02e-02      7.82e-02    9.19e-02    4.4e-04
  84000      2.13e+00    2.01e+00      1.63e-02    7.05e-03      1.02e-01    9.60e-02    4.4e-04
  85000      2.45e+00    1.66e+00      1.26e-02    4.58e-03      1.16e-01    7.91e-02    4.4e-04
  86000      1.88e+00    1.90e+00      3.20e-02    5.12e-02      9.17e-02    9.21e-02    4.2e-04
  87000      2.05e+00    1.59e+00      8.27e-03    2.35e-02      1.00e-01    7.75e-02    4.2e-04
  88000      1.60e+00    1.91e+00      2.34e-03    1.45e-01      7.80e-02    8.93e-02    4.2e-04
  89000      2.61e+00    2.12e+00      9.88e-03    1.71e-02      1.28e-01    1.03e-01    4.2e-04
  90000      1.96e+00    2.06e+00      1.07e-02    2.16e-03      9.59e-02    1.01e-01    4.2e-04
  91000      1.59e+00    1.58e+00      2.49e-02    1.41e-02      7.94e-02    7.90e-02    4.0e-04
  92000      2.23e+00    1.69e+00      2.90e-02    2.11e-02      1.12e-01    8.47e-02    4.0e-04
  93000      1.60e+00    1.47e+00      1.14e-02    2.52e-02      8.00e-02    7.37e-02    4.0e-04
  94000      2.00e+00    1.83e+00      2.23e-03    7.47e-02      1.00e-01    9.11e-02    4.0e-04
  95000      1.37e+00    1.86e+00      2.24e-02    4.48e-02      6.88e-02    9.25e-02    4.0e-04
  96000      2.31e+00    1.49e+00      1.62e-02    1.13e-02      1.19e-01    7.64e-02    3.8e-04
  97000      1.64e+00    1.62e+00      2.52e-02    1.39e-03      8.44e-02    8.32e-02    3.8e-04
  98000      1.80e+00    1.71e+00      1.88e-02    1.48e-02      9.24e-02    8.81e-02    3.8e-04
  99000      1.84e+00    1.68e+00      8.85e-03    2.76e-03      9.46e-02    8.66e-02    3.8e-04
 100000      1.84e+00    1.36e+00      1.46e-03    5.79e-02      9.48e-02    6.84e-02    3.8e-04
 101000      2.07e+00    1.56e+00      2.66e-02    2.95e-02      1.09e-01    8.19e-02    3.6e-04
 102000      1.86e+00    2.27e+00      2.17e-02    1.00e-02      9.79e-02    1.20e-01    3.6e-04
 103000      1.66e+00    1.25e+00      2.38e-02    4.80e-02      8.74e-02    6.55e-02    3.6e-04
 104000      1.47e+00    1.54e+00      5.74e-02    4.49e-03      7.68e-02    8.15e-02    3.6e-04
 105000      1.18e+00    1.51e+00      1.86e-02    5.01e-02      6.21e-02    7.90e-02    3.6e-04
 106000      1.48e+00    1.36e+00      3.19e-03    8.22e-03      8.02e-02    7.38e-02    3.4e-04
 107000      2.28e+00    1.40e+00      1.70e-02    2.71e-02      1.24e-01    7.56e-02    3.4e-04
 108000      1.54e+00    1.48e+00      9.79e-03    9.87e-03      8.35e-02    7.99e-02    3.4e-04
 109000      1.81e+00    1.52e+00      1.18e-01    2.39e-02      9.45e-02    8.20e-02    3.4e-04
 110000      1.40e+00    1.12e+00      2.84e-02    2.32e-02      7.52e-02    6.05e-02    3.4e-04
 111000      1.37e+00    1.67e+00      2.17e-02    2.46e-02      7.59e-02    9.25e-02    3.2e-04
 112000      1.33e+00    1.25e+00      1.95e-02    1.12e-02      7.36e-02    6.94e-02    3.2e-04
 113000      1.35e+00    1.20e+00      3.48e-02    1.17e-03      7.45e-02    6.64e-02    3.2e-04
 114000      1.45e+00    1.47e+00      1.35e-01    4.10e-03      7.39e-02    8.15e-02    3.2e-04
 115000      1.87e+00    1.60e+00      1.87e-02    1.10e-03      1.04e-01    8.88e-02    3.2e-04
 116000      1.48e+00    1.37e+00      6.31e-02    1.92e-02      8.24e-02    7.78e-02    3.1e-04
 117000      1.47e+00    1.41e+00      5.12e-02    5.58e-02      8.28e-02    7.93e-02    3.1e-04
 118000      1.84e+00    1.24e+00      2.73e-02    7.22e-03      1.05e-01    7.04e-02    3.1e-04
 119000      1.54e+00    1.59e+00      1.91e-02    1.56e-02      8.75e-02    9.04e-02    3.1e-04
 120000      1.51e+00    1.31e+00      2.51e-02    4.24e-02      8.57e-02    7.39e-02    3.1e-04
 121000      1.21e+00    1.41e+00      1.72e-02    2.22e-02      7.08e-02    8.24e-02    2.9e-04
 122000      1.52e+00    1.52e+00      1.36e-02    3.54e-02      8.90e-02    8.85e-02    2.9e-04
 123000      2.17e+00    1.12e+00      2.45e-02    4.02e-02      1.27e-01    6.42e-02    2.9e-04
 124000      1.51e+00    1.25e+00      5.92e-03    2.35e-02      8.82e-02    7.29e-02    2.9e-04
 125000      1.46e+00    1.18e+00      1.52e-01    2.03e-02      7.62e-02    6.89e-02    2.9e-04
 126000      1.33e+00    1.02e+00      4.78e-03    5.39e-02      7.97e-02    6.01e-02    2.8e-04
 127000      1.16e+00    1.07e+00      1.45e-02    1.78e-02      6.96e-02    6.37e-02    2.8e-04
 128000      1.28e+00    1.49e+00      3.64e-02    2.62e-02      7.60e-02    8.93e-02    2.8e-04
 129000      1.34e+00    1.35e+00      2.13e-02    1.39e-02      8.01e-02    8.10e-02    2.8e-04
 130000      1.38e+00    1.22e+00      2.68e-02    1.06e-02      8.26e-02    7.30e-02    2.8e-04
 131000      1.52e+00    1.14e+00      1.66e-02    4.62e-03      9.37e-02    7.04e-02    2.6e-04
 132000      1.01e+00    1.19e+00      1.09e-02    4.62e-03      6.23e-02    7.30e-02    2.6e-04
 133000      1.41e+00    1.57e+00      8.60e-03    5.26e-03      8.69e-02    9.64e-02    2.6e-04
 134000      1.53e+00    8.93e-01      1.79e-02    2.01e-03      9.40e-02    5.49e-02    2.6e-04
 135000      1.62e+00    1.14e+00      3.05e-02    4.48e-02      9.94e-02    6.95e-02    2.6e-04
 136000      1.16e+00    1.63e+00      8.15e-03    1.65e-02      7.28e-02    1.03e-01    2.5e-04
 137000      1.13e+00    7.67e-01      2.95e-02    1.50e-02      7.09e-02    4.82e-02    2.5e-04
 138000      1.15e+00    1.08e+00      3.70e-03    8.06e-03      7.28e-02    6.81e-02    2.5e-04
 139000      1.28e+00    1.10e+00      1.19e-01    1.33e-02      7.37e-02    6.94e-02    2.5e-04
 140000      1.28e+00    1.25e+00      1.06e-01    1.58e-02      7.55e-02    7.87e-02    2.5e-04
 141000      1.17e+00    8.06e-01      1.67e-03    1.92e-02      7.57e-02    5.18e-02    2.4e-04
 142000      9.65e-01    1.08e+00      3.35e-02    3.15e-02      6.16e-02    6.90e-02    2.4e-04
 143000      1.27e+00    9.90e-01      1.99e-02    1.22e-02      8.19e-02    6.40e-02    2.4e-04
 144000      1.10e+00    1.12e+00      1.08e-01    2.94e-03      6.42e-02    7.27e-02    2.4e-04
 145000      9.82e-01    9.30e-01      4.23e-03    3.15e-02      6.36e-02    5.93e-02    2.4e-04
 146000      1.14e+00    1.14e+00      3.15e-02    3.19e-02      7.50e-02    7.50e-02    2.3e-04
 147000      1.02e+00    1.14e+00      8.84e-02    8.84e-03      6.36e-02    7.56e-02    2.3e-04
 148000      1.12e+00    1.07e+00      3.12e-02    5.52e-03      7.37e-02    7.12e-02    2.3e-04
 149000      7.91e-01    1.04e+00      3.04e-03    1.81e-02      5.25e-02    6.86e-02    2.3e-04
 150000      1.81e+00    1.11e+00      3.40e-03    3.83e-03      1.20e-01    7.37e-02    2.3e-04
 151000      7.60e-01    1.16e+00      2.12e-03    2.44e-03      5.18e-02    7.89e-02    2.1e-04
 152000      7.63e-01    9.50e-01      1.17e-02    4.58e-03      5.18e-02    6.47e-02    2.1e-04
 153000      1.19e+00    9.53e-01      6.43e-03    3.99e-03      8.07e-02    6.49e-02    2.1e-04
 154000      1.30e+00    9.32e-01      1.06e-02    2.08e-02      8.85e-02    6.31e-02    2.1e-04
 155000      1.48e+00    1.20e+00      2.45e-02    1.99e-03      1.00e-01    8.14e-02    2.1e-04
 156000      9.96e-01    1.05e+00      8.54e-03    2.13e-03      6.95e-02    7.32e-02    2.0e-04
 157000      7.56e-01    1.11e+00      4.91e-03    6.15e-03      5.28e-02    7.75e-02    2.0e-04
 158000      8.76e-01    8.03e-01      2.15e-03    7.13e-02      6.12e-02    5.27e-02    2.0e-04
 159000      9.40e-01    7.90e-01      1.87e-02    8.23e-03      6.54e-02    5.52e-02    2.0e-04
 160000      1.43e+00    1.12e+00      2.55e-02    3.83e-03      9.97e-02    7.86e-02    2.0e-04
 161000      8.09e-01    8.30e-01      1.52e-02    5.07e-02      5.78e-02    5.77e-02    1.9e-04
 162000      1.17e+00    1.29e+00      7.61e-03    1.16e-01      8.40e-02    8.44e-02    1.9e-04
 163000      9.90e-01    8.47e-01      8.29e-03    5.39e-03      7.09e-02    6.07e-02    1.9e-04
 164000      7.08e-01    9.32e-01      2.46e-02    1.49e-02      5.02e-02    6.67e-02    1.9e-04
 165000      1.27e+00    9.53e-01      1.55e-02    2.43e-03      9.12e-02    6.83e-02    1.9e-04
 166000      8.51e-01    7.74e-01      7.23e-03    1.30e-02      6.25e-02    5.67e-02    1.8e-04
 167000      9.05e-01    6.43e-01      2.30e-02    6.39e-03      6.61e-02    4.72e-02    1.8e-04
 168000      6.91e-01    9.47e-01      2.20e-03    3.32e-03      5.08e-02    6.96e-02    1.8e-04
 169000      1.24e+00    1.02e+00      9.54e-03    5.17e-03      9.14e-02    7.50e-02    1.8e-04
 170000      9.10e-01    8.79e-01      4.76e-03    6.14e-03      6.69e-02    6.46e-02    1.8e-04
 171000      7.55e-01    6.51e-01      1.68e-02    2.08e-02      5.66e-02    4.84e-02    1.7e-04
 172000      9.81e-01    7.15e-01      6.61e-03    6.73e-02      7.40e-02    5.00e-02    1.7e-04
 173000      1.03e+00    1.11e+00      2.77e-02    3.32e-02      7.72e-02    8.23e-02    1.7e-04
 174000      1.11e+00    7.85e-01      1.73e-02    1.54e-03      8.35e-02    5.92e-02    1.7e-04
 175000      1.16e+00    1.18e+00      2.67e-03    1.64e-02      8.73e-02    8.91e-02    1.7e-04
 176000      9.82e-01    9.46e-01      2.54e-02    1.04e-02      7.54e-02    7.31e-02    1.7e-04
 177000      8.19e-01    8.62e-01      1.50e-02    7.15e-03      6.31e-02    6.66e-02    1.7e-04
 178000      8.46e-01    8.68e-01      2.05e-02    1.03e-02      6.50e-02    6.70e-02    1.7e-04
 179000      1.09e+00    6.85e-01      9.55e-03    2.81e-02      8.41e-02    5.18e-02    1.7e-04
 180000      8.57e-01    1.07e+00      2.41e-02    1.72e-02      6.57e-02    8.29e-02    1.7e-04
 181000      1.12e+00    8.46e-01      1.94e-02    2.10e-02      8.82e-02    6.67e-02    1.6e-04
 182000      6.89e-01    8.64e-01      6.64e-03    5.16e-03      5.46e-02    6.85e-02    1.6e-04
 183000      7.14e-01    7.29e-01      5.21e-03    2.63e-03      5.67e-02    5.78e-02    1.6e-04
 184000      8.54e-01    9.63e-01      2.62e-02    5.56e-05      6.70e-02    7.64e-02    1.6e-04
 185000      1.00e+00    1.06e+00      5.03e-03    2.08e-02      7.98e-02    8.40e-02    1.6e-04
 186000      9.97e-01    7.09e-01      1.45e-03    3.93e-02      8.12e-02    5.61e-02    1.5e-04
 187000      9.31e-01    7.94e-01      3.60e-02    2.71e-02      7.44e-02    6.36e-02    1.5e-04
 188000      7.19e-01    7.21e-01      1.27e-02    5.63e-02      5.83e-02    5.58e-02    1.5e-04
 189000      6.83e-01    7.64e-01      2.63e-02    8.79e-03      5.49e-02    6.21e-02    1.5e-04
 190000      7.81e-01    9.13e-01      9.79e-03    9.02e-03      6.35e-02    7.43e-02    1.5e-04
 191000      6.40e-01    6.84e-01      3.94e-02    3.22e-03      5.15e-02    5.71e-02    1.4e-04
 192000      9.73e-01    7.78e-01      3.71e-02    4.85e-02      7.98e-02    6.29e-02    1.4e-04
 193000      9.26e-01    6.46e-01      9.88e-02    1.59e-03      6.67e-02    5.39e-02    1.4e-04
 194000      1.02e+00    7.82e-01      2.32e-03    1.98e-02      8.52e-02    6.49e-02    1.4e-04
 195000      8.70e-01    9.24e-01      1.14e-02    4.39e-03      7.25e-02    7.72e-02    1.4e-04
 196000      1.09e+00    7.06e-01      1.25e-02    3.70e-03      9.35e-02    6.05e-02    1.4e-04
 197000      8.18e-01    6.54e-01      3.60e-03    2.38e-02      7.01e-02    5.53e-02    1.4e-04
 198000      8.75e-01    6.73e-01      1.96e-03    1.77e-02      7.50e-02    5.71e-02    1.4e-04
 199000      7.55e-01    7.85e-01      1.38e-02    8.74e-03      6.44e-02    6.72e-02    1.4e-04
 200000      8.42e-01    6.30e-01      8.59e-03    2.98e-02      7.20e-02    5.28e-02    1.4e-04
 201000      5.65e-01    6.39e-01      4.92e-02    5.86e-03      4.64e-02    5.61e-02    1.3e-04
 202000      8.20e-01    5.06e-01      1.10e-02    1.52e-02      7.19e-02    4.38e-02    1.3e-04
 203000      8.20e-01    8.96e-01      2.40e-04    6.78e-03      7.21e-02    7.87e-02    1.3e-04
 204000      6.33e-01    6.24e-01      4.46e-03    8.85e-03      5.56e-02    5.47e-02    1.3e-04
 205000      8.80e-01    7.88e-01      2.52e-02    1.29e-02      7.65e-02    6.90e-02    1.3e-04
 206000      8.77e-01    6.67e-01      1.39e-02    1.59e-02      7.88e-02    5.97e-02    1.2e-04
 207000      7.19e-01    5.32e-01      1.16e-02    5.46e-02      6.47e-02    4.35e-02    1.2e-04
 208000      7.89e-01    7.46e-01      3.66e-03    3.07e-03      7.11e-02    6.73e-02    1.2e-04
 209000      7.06e-01    7.64e-01      9.94e-03    2.54e-02      6.35e-02    6.78e-02    1.2e-04
 210000      7.42e-01    6.51e-01      2.48e-02    9.32e-03      6.60e-02    5.86e-02    1.2e-04
 211000      8.33e-01    8.75e-01      1.01e-02    1.16e-02      7.69e-02    8.08e-02    1.2e-04
 212000      4.71e-01    5.89e-01      1.69e-02    1.18e-02      4.28e-02    5.42e-02    1.2e-04
 213000      6.67e-01    8.67e-01      1.01e-02    1.36e-02      6.15e-02    8.00e-02    1.2e-04
 214000      1.08e+00    6.12e-01      1.34e-02    2.55e-03      9.97e-02    5.65e-02    1.2e-04
 215000      6.15e-01    7.55e-01      1.20e-02    1.40e-02      5.66e-02    6.95e-02    1.2e-04
 216000      5.28e-01    8.77e-01      4.75e-02    1.61e-02      4.65e-02    8.29e-02    1.1e-04
 217000      8.07e-01    7.92e-01      1.07e-01    1.44e-02      5.90e-02    7.48e-02    1.1e-04
 218000      8.14e-01    5.58e-01      1.02e-02    7.83e-03      7.71e-02    5.28e-02    1.1e-04
 219000      8.58e-01    6.95e-01      2.57e-02    5.53e-03      8.05e-02    6.59e-02    1.1e-04
 220000      5.37e-01    6.14e-01      2.24e-02    2.12e-02      4.96e-02    5.76e-02    1.1e-04
 221000      6.08e-01    6.62e-01      4.35e-03    6.92e-04      5.91e-02    6.44e-02    1.0e-04
 222000      6.37e-01    6.50e-01      2.60e-03    4.21e-03      6.20e-02    6.32e-02    1.0e-04
 223000      8.46e-01    7.02e-01      2.48e-02    6.00e-03      8.14e-02    6.82e-02    1.0e-04
 224000      5.67e-01    7.98e-01      4.59e-02    7.36e-03      5.20e-02    7.76e-02    1.0e-04
 225000      6.49e-01    7.62e-01      1.15e-02    5.92e-04      6.29e-02    7.42e-02    1.0e-04
 226000      8.39e-01    5.87e-01      5.79e-03    1.19e-02      8.37e-02    5.82e-02    9.9e-05
 227000      7.03e-01    6.60e-01      9.27e-03    1.39e-02      7.00e-02    6.54e-02    9.9e-05
 228000      5.41e-01    4.92e-01      3.18e-03    6.61e-03      5.39e-02    4.90e-02    9.9e-05
 229000      7.28e-01    6.28e-01      8.05e-03    3.07e-03      7.25e-02    6.27e-02    9.9e-05
 230000      8.18e-01    6.69e-01      9.02e-02    2.69e-03      6.91e-02    6.67e-02    9.9e-05
 231000      5.77e-01    5.91e-01      6.04e-02    1.09e-02      5.31e-02    6.02e-02    9.4e-05
 232000      5.77e-01    6.38e-01      6.25e-03    3.78e-03      5.90e-02    6.53e-02    9.4e-05
 233000      6.75e-01    6.70e-01      1.82e-02    4.48e-03      6.85e-02    6.85e-02    9.4e-05
 234000      4.98e-01    5.22e-01      2.76e-02    6.19e-03      4.94e-02    5.33e-02    9.4e-05
 235000      4.92e-01    6.37e-01      2.42e-02    4.42e-03      4.85e-02    6.52e-02    9.4e-05
 236000      6.23e-01    5.07e-01      1.90e-03    9.06e-03      6.54e-02    5.30e-02    9.0e-05
 237000      5.62e-01    4.72e-01      2.10e-03    1.83e-02      5.90e-02    4.87e-02    9.0e-05
 238000      7.78e-01    5.24e-01      6.49e-02    1.95e-02      7.46e-02    5.40e-02    9.0e-05
 239000      7.03e-01    5.98e-01      3.83e-02    2.54e-02      7.09e-02    6.12e-02    9.0e-05
 240000      5.40e-01    3.95e-01      1.05e-02    3.62e-03      5.64e-02    4.15e-02    9.0e-05
 241000      7.79e-01    5.28e-01      6.03e-03    1.34e-02      8.39e-02    5.63e-02    8.5e-05
 242000      6.22e-01    5.20e-01      2.14e-02    3.26e-03      6.60e-02    5.59e-02    8.5e-05
 243000      5.83e-01    6.73e-01      1.82e-02    1.60e-02      6.21e-02    7.18e-02    8.5e-05
 244000      7.10e-01    5.74e-01      3.87e-03    9.96e-04      7.64e-02    6.18e-02    8.5e-05
 245000      6.67e-01    5.54e-01      2.21e-03    8.51e-03      7.18e-02    5.95e-02    8.5e-05
 246000      4.47e-01    5.60e-01      8.53e-03    3.10e-02      4.92e-02    5.93e-02    8.1e-05
 247000      5.54e-01    4.99e-01      8.31e-04    4.54e-03      6.12e-02    5.50e-02    8.1e-05
 248000      5.46e-01    5.55e-01      1.34e-04    4.07e-03      6.03e-02    6.13e-02    8.1e-05
 249000      5.86e-01    4.85e-01      5.40e-03    1.87e-03      6.46e-02    5.36e-02    8.1e-05
 250000      4.30e-01    5.16e-01      6.46e-03    4.12e-03      4.73e-02    5.70e-02    8.1e-05
 251000      6.86e-01    4.18e-01      7.97e-02    3.69e-02      6.38e-02    4.40e-02    7.7e-05
 252000      6.42e-01    6.29e-01      1.70e-02    3.73e-03      7.21e-02    7.12e-02    7.7e-05
 253000      6.32e-01    3.81e-01      2.04e-02    9.20e-03      7.06e-02    4.29e-02    7.7e-05
 254000      6.19e-01    6.07e-01      1.53e-02    2.08e-02      6.97e-02    6.78e-02    7.7e-05
 255000      6.38e-01    4.57e-01      7.49e-03    7.40e-03      7.22e-02    5.16e-02    7.7e-05
 256000      4.96e-01    4.35e-01      5.24e-03    4.92e-04      5.76e-02    5.05e-02    7.3e-05
 257000      6.40e-01    5.81e-01      7.91e-02    5.90e-03      5.90e-02    6.74e-02    7.3e-05
 258000      6.03e-01    5.66e-01      8.33e-04    1.64e-02      7.01e-02    6.48e-02    7.3e-05
 259000      6.45e-01    4.61e-01      1.89e-02    2.35e-02      7.41e-02    5.18e-02    7.3e-05
 260000      5.15e-01    5.14e-01      4.20e-03    1.72e-03      5.98e-02    5.97e-02    7.3e-05
 261000      5.08e-01    5.34e-01      3.45e-04    9.59e-03      6.05e-02    6.34e-02    6.9e-05
 262000      6.57e-01    3.27e-01      2.61e-02    1.29e-02      7.68e-02    3.80e-02    6.9e-05
 263000      6.32e-01    4.82e-01      1.23e-02    6.10e-03      7.49e-02    5.74e-02    6.9e-05
 264000      6.34e-01    4.01e-01      2.62e-02    1.10e-02      7.40e-02    4.73e-02    6.9e-05
 265000      5.26e-01    3.45e-01      9.75e-03    1.56e-03      6.24e-02    4.11e-02    6.9e-05
 266000      5.76e-01    4.65e-01      1.90e-02    1.09e-02      6.94e-02    5.63e-02    6.6e-05
 267000      6.26e-01    4.50e-01      5.84e-03    4.49e-03      7.64e-02    5.50e-02    6.6e-05
 268000      4.69e-01    5.15e-01      1.40e-03    3.91e-03      5.73e-02    6.30e-02    6.6e-05
 269000      6.17e-01    4.51e-01      1.16e-02    6.82e-03      7.50e-02    5.50e-02    6.6e-05
 270000      4.94e-01    3.68e-01      3.46e-02    1.64e-02      5.76e-02    4.40e-02    6.6e-05
 271000      5.33e-01    4.03e-01      1.15e-02    3.43e-03      6.63e-02    5.04e-02    6.3e-05
 272000      3.74e-01    4.58e-01      8.19e-03    3.90e-03      4.66e-02    5.74e-02    6.3e-05
 273000      5.41e-01    4.82e-01      1.40e-02    1.19e-02      6.73e-02    5.99e-02    6.3e-05
 274000      3.47e-01    3.72e-01      9.00e-03    3.26e-03      4.31e-02    4.66e-02    6.3e-05
 275000      5.05e-01    4.29e-01      2.24e-03    8.14e-04      6.33e-02    5.38e-02    6.3e-05
# step       rmse_val    rmse_trn    rmse_e_val  rmse_e_trn    rmse_f_val  rmse_f_trn   lr      
# If there is no available reference data, rmse_*_{val,trn} will print nan
 270000      6.12e-01    4.60e-01      5.00e-03    2.07e-03      7.48e-02    5.62e-02    6.6e-05
 271000      6.86e-01    5.64e-01      4.78e-03    1.06e-03      8.59e-02    7.07e-02    6.3e-05
 272000      4.39e-01    4.20e-01      2.08e-02    9.23e-03      5.37e-02    5.24e-02    6.3e-05
 273000      7.57e-01    4.91e-01      9.62e-03    7.93e-03      9.47e-02    6.13e-02    6.3e-05
 274000      4.51e-01    4.85e-01      3.04e-03    3.32e-02      5.65e-02    5.82e-02    6.3e-05
 275000      5.01e-01    5.26e-01      5.45e-03    7.18e-03      6.27e-02    6.57e-02    6.3e-05
 276000      4.66e-01    4.44e-01      1.19e-02    1.69e-02      5.94e-02    5.62e-02    6.0e-05
 277000      3.45e-01    3.80e-01      1.20e-03    2.68e-03      4.44e-02    4.89e-02    6.0e-05
 278000      5.20e-01    4.92e-01      2.61e-03    2.23e-03      6.68e-02    6.32e-02    6.0e-05
 279000      3.07e-01    5.02e-01      4.57e-03    2.52e-03      3.94e-02    6.45e-02    6.0e-05
 280000      5.22e-01    3.93e-01      8.86e-04    3.30e-03      6.72e-02    5.05e-02    6.0e-05
 281000      3.81e-01    4.21e-01      1.10e-02    7.01e-03      4.96e-02    5.53e-02    5.7e-05
 282000      3.40e-01    5.18e-01      9.56e-03    5.56e-03      4.43e-02    6.82e-02    5.7e-05
 283000      5.37e-01    5.43e-01      4.58e-03    6.33e-02      7.07e-02    5.84e-02    5.7e-05
 284000      4.14e-01    3.70e-01      1.74e-02    9.08e-03      5.36e-02    4.83e-02    5.7e-05
 285000      4.67e-01    4.11e-01      6.87e-04    9.60e-03      6.15e-02    5.37e-02    5.7e-05
 286000      4.22e-01    3.38e-01      4.27e-03    2.69e-03      5.69e-02    4.57e-02    5.4e-05
 287000      4.47e-01    4.13e-01      5.00e-03    9.48e-03      6.03e-02    5.54e-02    5.4e-05
 288000      4.75e-01    3.98e-01      6.38e-03    3.64e-02      6.41e-02    4.96e-02    5.4e-05
 289000      5.85e-01    3.07e-01      3.77e-03    1.10e-02      7.91e-02    4.09e-02    5.4e-05
 290000      3.30e-01    5.88e-01      6.28e-03    6.16e-02      4.44e-02    6.79e-02    5.4e-05
 291000      5.43e-01    3.96e-01      1.94e-02    2.04e-03      7.39e-02    5.49e-02    5.1e-05
 292000      4.06e-01    3.22e-01      8.00e-03    5.40e-03      5.59e-02    4.44e-02    5.1e-05
 293000      5.69e-01    3.38e-01      1.62e-02    2.68e-02      7.81e-02    4.41e-02    5.1e-05
 294000      4.30e-01    3.93e-01      2.61e-03    4.24e-03      5.96e-02    5.44e-02    5.1e-05
 295000      4.51e-01    2.97e-01      1.15e-02    4.34e-03      6.20e-02    4.11e-02    5.1e-05
 296000      4.41e-01    4.52e-01      6.10e-03    1.18e-03      6.25e-02    6.43e-02    4.9e-05
 297000      4.03e-01    4.09e-01      4.96e-03    2.18e-02      5.72e-02    5.55e-02    4.9e-05
 298000      4.11e-01    3.59e-01      1.12e-02    4.41e-03      5.79e-02    5.10e-02    4.9e-05
 299000      4.33e-01    4.31e-01      1.92e-02    1.16e-03      6.01e-02    6.12e-02    4.9e-05
 300000      4.42e-01    4.56e-01      1.22e-02    3.36e-03      6.23e-02    6.49e-02    4.9e-05
 301000      5.19e-01    4.26e-01      7.26e-03    1.79e-03      7.55e-02    6.21e-02    4.6e-05
 302000      5.92e-01    3.18e-01      1.87e-02    7.33e-04      8.52e-02    4.64e-02    4.6e-05
 303000      3.16e-01    2.64e-01      2.63e-03    6.48e-03      4.60e-02    3.83e-02    4.6e-05
 304000      4.79e-01    3.55e-01      4.00e-03    9.66e-03      6.98e-02    5.11e-02    4.6e-05
 305000      4.08e-01    4.02e-01      3.99e-03    1.36e-02      5.94e-02    5.74e-02    4.6e-05
 306000      4.55e-01    4.03e-01      1.40e-02    3.98e-03      6.73e-02    6.02e-02    4.4e-05
 307000      3.43e-01    3.07e-01      1.10e-02    4.18e-03      5.07e-02    4.57e-02    4.4e-05
 308000      3.48e-01    3.01e-01      1.46e-02    1.44e-02      5.07e-02    4.40e-02    4.4e-05
 309000      4.55e-01    4.22e-01      1.57e-03    1.91e-03      6.80e-02    6.31e-02    4.4e-05
 310000      4.59e-01    3.69e-01      4.28e-03    4.66e-03      6.86e-02    5.50e-02    4.4e-05
 311000      4.71e-01    3.51e-01      3.26e-03    1.22e-02      7.22e-02    5.27e-02    4.2e-05
 312000      4.11e-01    3.22e-01      2.58e-03    2.11e-03      6.30e-02    4.93e-02    4.2e-05
 313000      3.52e-01    3.38e-01      4.05e-03    9.62e-04      5.39e-02    5.19e-02    4.2e-05
 314000      3.86e-01    3.16e-01      2.05e-02    5.61e-03      5.76e-02    4.82e-02    4.2e-05
 315000      4.40e-01    3.82e-01      8.24e-03    1.09e-03      6.71e-02    5.85e-02    4.2e-05
 316000      4.94e-01    3.61e-01      8.98e-04    5.71e-03      7.77e-02    5.64e-02    4.0e-05
 317000      3.53e-01    2.62e-01      9.40e-03    1.22e-03      5.50e-02    4.12e-02    4.0e-05
 318000      3.55e-01    4.19e-01      5.90e-03    1.99e-02      5.55e-02    6.38e-02    4.0e-05
 319000      4.74e-01    2.72e-01      2.18e-03    1.00e-02      7.44e-02    4.19e-02    4.0e-05
 320000      3.88e-01    3.46e-01      8.16e-03    7.31e-03      6.06e-02    5.41e-02    4.0e-05
 321000      4.28e-01    2.74e-01      1.53e-03    1.20e-03      6.89e-02    4.42e-02    3.8e-05
 322000      3.16e-01    3.44e-01      4.11e-03    1.18e-02      5.08e-02    5.47e-02    3.8e-05
 323000      3.17e-01    2.93e-01      5.85e-03    5.38e-03      5.08e-02    4.71e-02    3.8e-05
 324000      5.48e-01    3.13e-01      1.44e-02    2.99e-03      8.76e-02    5.04e-02    3.8e-05
 325000      3.39e-01    3.01e-01      6.27e-03    1.03e-02      5.43e-02    4.76e-02    3.8e-05
 326000      3.07e-01    2.99e-01      1.01e-02    1.87e-02      5.00e-02    4.63e-02    3.6e-05
 327000      3.60e-01    3.41e-01      9.08e-04    1.32e-02      5.94e-02    5.54e-02    3.6e-05
 328000      3.25e-01    3.33e-01      1.41e-02    9.25e-03      5.21e-02    5.45e-02    3.6e-05
 329000      2.39e-01    3.26e-01      3.49e-04    3.09e-03      3.95e-02    5.38e-02    3.6e-05
 330000      3.92e-01    4.54e-01      1.94e-03    2.92e-03      6.47e-02    7.50e-02    3.6e-05
 331000      3.61e-01    2.74e-01      1.68e-03    1.40e-03      6.12e-02    4.65e-02    3.4e-05
 332000      3.47e-01    4.25e-01      1.66e-03    4.66e-02      5.87e-02    6.02e-02    3.4e-05
 333000      2.80e-01    3.63e-01      7.72e-03    5.66e-03      4.68e-02    6.12e-02    3.4e-05
 334000      3.67e-01    3.42e-01      7.24e-04    1.15e-02      6.22e-02    5.68e-02    3.4e-05
 335000      4.01e-01    3.20e-01      1.36e-02    1.70e-02      6.69e-02    5.28e-02    3.4e-05
 336000      3.84e-01    2.70e-01      1.03e-02    7.41e-03      6.62e-02    4.64e-02    3.2e-05
 337000      3.51e-01    2.93e-01      2.58e-03    5.78e-04      6.09e-02    5.09e-02    3.2e-05
 338000      2.43e-01    3.03e-01      9.34e-03    4.25e-03      4.16e-02    5.25e-02    3.2e-05
 339000      3.52e-01    3.45e-01      6.59e-03    2.65e-03      6.08e-02    5.98e-02    3.2e-05
 340000      4.98e-01    2.50e-01      4.14e-03    2.10e-03      8.64e-02    4.33e-02    3.2e-05
 341000      3.57e-01    2.48e-01      3.60e-03    2.31e-02      6.35e-02    4.05e-02    3.1e-05
 342000      4.08e-01    2.38e-01      4.83e-03    5.09e-03      7.26e-02    4.21e-02    3.1e-05
 343000      4.00e-01    2.95e-01      2.87e-03    9.76e-03      7.12e-02    5.17e-02    3.1e-05
 344000      3.55e-01    3.84e-01      7.76e-04    8.55e-03      6.32e-02    6.80e-02    3.1e-05
 345000      3.73e-01    2.37e-01      2.35e-04    5.02e-03      6.64e-02    4.19e-02    3.1e-05
 346000      3.11e-01    3.05e-01      5.82e-04    3.46e-03      5.68e-02    5.56e-02    2.9e-05
 347000      2.60e-01    3.84e-01      3.20e-03    1.06e-03      4.73e-02    7.00e-02    2.9e-05
 348000      2.90e-01    2.35e-01      1.20e-03    5.36e-03      5.28e-02    4.25e-02    2.9e-05
 349000      2.87e-01    2.06e-01      4.83e-03    1.56e-03      5.22e-02    3.76e-02    2.9e-05
 350000      4.24e-01    1.68e-01      1.25e-04    7.70e-04      7.74e-02    3.06e-02    2.9e-05
 351000      2.58e-01    2.85e-01      6.00e-03    5.01e-03      4.79e-02    5.30e-02    2.8e-05
 352000      3.22e-01    3.03e-01      1.28e-02    1.20e-02      5.88e-02    5.55e-02    2.8e-05
# step       rmse_val    rmse_trn    rmse_e_val  rmse_e_trn    rmse_f_val  rmse_f_trn   lr      
# If there is no available reference data, rmse_*_{val,trn} will print nan
 270000      6.12e-01    4.60e-01      5.00e-03    2.07e-03      7.48e-02    5.62e-02    6.6e-05
# step       rmse_val    rmse_trn    rmse_e_val  rmse_e_trn    rmse_f_val  rmse_f_trn   lr      
# If there is no available reference data, rmse_*_{val,trn} will print nan
 350000      4.39e-01    3.00e-01      5.50e-03    1.61e-03      7.99e-02    5.47e-02    2.9e-05
 351000      4.44e-01    3.71e-01      4.67e-03    1.54e-03      8.29e-02    6.94e-02    2.8e-05
 352000      2.75e-01    2.67e-01      1.17e-02    6.47e-03      5.05e-02    4.96e-02    2.8e-05
 353000      4.99e-01    3.18e-01      3.58e-03    5.02e-03      9.33e-02    5.93e-02    2.8e-05
 354000      2.90e-01    2.78e-01      9.37e-04    1.86e-02      5.43e-02    4.98e-02    2.8e-05
 355000      3.18e-01    3.42e-01      3.77e-03    4.69e-03      5.94e-02    6.37e-02    2.8e-05
 356000      2.75e-01    2.85e-01      6.81e-03    1.02e-02      5.22e-02    5.39e-02    2.6e-05
 357000      2.30e-01    2.44e-01      3.34e-03    1.58e-03      4.39e-02    4.68e-02    2.6e-05
 358000      3.42e-01    3.18e-01      3.39e-03    1.18e-04      6.54e-02    6.10e-02    2.6e-05
 359000      2.06e-01    3.03e-01      1.32e-03    1.21e-03      3.95e-02    5.81e-02    2.6e-05
 360000      3.40e-01    2.51e-01      6.94e-04    4.80e-04      6.51e-02    4.82e-02    2.6e-05
 361000      2.43e-01    2.68e-01      3.95e-03    1.43e-03      4.75e-02    5.27e-02    2.5e-05
 362000      2.15e-01    3.34e-01      6.83e-03    3.00e-03      4.17e-02    6.55e-02    2.5e-05
 363000      3.57e-01    3.30e-01      2.25e-03    3.45e-02      7.01e-02    5.52e-02    2.5e-05
 364000      2.66e-01    2.41e-01      8.71e-03    8.06e-03      5.18e-02    4.65e-02    2.5e-05
 365000      3.09e-01    2.60e-01      6.27e-04    4.71e-03      6.07e-02    5.09e-02    2.5e-05
 366000      2.56e-01    2.21e-01      2.52e-03    4.56e-04      5.16e-02    4.46e-02    2.4e-05
 367000      2.83e-01    2.65e-01      6.47e-05    6.73e-03      5.71e-02    5.30e-02    2.4e-05
 368000      3.00e-01    2.55e-01      3.57e-03    2.11e-02      6.03e-02    4.79e-02    2.4e-05
 369000      3.74e-01    2.04e-01      6.77e-04    5.59e-03      7.54e-02    4.08e-02    2.4e-05
 370000      2.13e-01    3.48e-01      1.88e-03    3.45e-02      4.28e-02    6.08e-02    2.4e-05
 371000      3.66e-01    2.53e-01      1.18e-02    1.08e-03      7.44e-02    5.22e-02    2.2e-05
 372000      2.65e-01    2.13e-01      6.23e-03    4.06e-03      5.42e-02    4.36e-02    2.2e-05
 373000      3.74e-01    2.17e-01      1.36e-02    1.37e-02      7.60e-02    4.30e-02    2.2e-05
 374000      2.80e-01    2.50e-01      4.18e-03    2.66e-03      5.76e-02    5.16e-02    2.2e-05
 375000      2.91e-01    1.87e-01      1.18e-02    1.82e-03      5.89e-02    3.86e-02    2.2e-05
 376000      3.01e-01    3.05e-01      3.13e-03    9.58e-04      6.36e-02    6.45e-02    2.1e-05
 377000      2.62e-01    2.61e-01      2.16e-03    1.13e-02      5.53e-02    5.35e-02    2.1e-05
 378000      2.64e-01    2.35e-01      6.05e-03    2.98e-03      5.54e-02    4.97e-02    2.1e-05
 379000      2.78e-01    2.63e-01      1.34e-02    7.78e-04      5.71e-02    5.56e-02    2.1e-05
 380000      3.03e-01    3.01e-01      1.18e-02    3.15e-03      6.28e-02    6.36e-02    2.1e-05
 381000      3.47e-01    2.75e-01      6.58e-03    1.01e-03      7.48e-02    5.97e-02    2.0e-05
 382000      3.85e-01    2.01e-01      1.47e-02    1.33e-03      8.20e-02    4.35e-02    2.0e-05
 383000      2.05e-01    1.68e-01      1.35e-03    4.62e-03      4.44e-02    3.61e-02    2.0e-05
 384000      3.16e-01    2.35e-01      1.79e-03    4.74e-03      6.85e-02    5.06e-02    2.0e-05
 385000      2.74e-01    2.57e-01      1.21e-03    8.70e-03      5.93e-02    5.47e-02    2.0e-05
 386000      2.99e-01    2.53e-01      1.35e-02    6.60e-04      6.47e-02    5.62e-02    1.9e-05
 387000      2.27e-01    1.97e-01      6.91e-03    1.59e-03      4.99e-02    4.38e-02    1.9e-05
 388000      2.25e-01    2.00e-01      6.94e-03    9.27e-03      4.93e-02    4.35e-02    1.9e-05
 389000      2.95e-01    2.72e-01      1.88e-03    2.33e-03      6.56e-02    6.03e-02    1.9e-05
 390000      3.09e-01    2.42e-01      4.87e-03    4.36e-03      6.85e-02    5.35e-02    1.9e-05
 391000      3.07e-01    2.22e-01      1.17e-03    6.16e-03      6.98e-02    4.99e-02    1.8e-05
 392000      2.76e-01    2.05e-01      5.47e-03    4.11e-03      6.25e-02    4.63e-02    1.8e-05
 393000      2.28e-01    2.23e-01      2.27e-03    1.78e-03      5.18e-02    5.08e-02    1.8e-05
 394000      2.50e-01    2.08e-01      9.90e-03    3.79e-03      5.61e-02    4.71e-02    1.8e-05
 395000      2.86e-01    2.46e-01      5.11e-03    8.76e-04      6.47e-02    5.61e-02    1.8e-05
 396000      3.30e-01    2.29e-01      2.88e-03    2.58e-03      7.68e-02    5.34e-02    1.7e-05
 397000      2.22e-01    1.76e-01      5.53e-03    8.80e-04      5.12e-02    4.11e-02    1.7e-05
 398000      2.27e-01    2.74e-01      2.35e-03    1.16e-02      5.28e-02    6.23e-02    1.7e-05
 399000      3.13e-01    1.76e-01      1.58e-04    6.77e-03      7.31e-02    4.02e-02    1.7e-05
 400000      2.57e-01    2.20e-01      8.77e-03    5.90e-03      5.89e-02    5.09e-02    1.7e-05
 401000      2.86e-01    1.78e-01      3.08e-03    4.99e-04      6.81e-02    4.25e-02    1.7e-05
 402000      2.01e-01    2.26e-01      6.74e-04    8.32e-03      4.81e-02    5.33e-02    1.7e-05
 403000      2.14e-01    1.92e-01      2.83e-03    3.51e-03      5.10e-02    4.56e-02    1.7e-05
 404000      3.68e-01    2.10e-01      9.29e-03    4.80e-03      8.73e-02    4.99e-02    1.7e-05
 405000      2.26e-01    1.93e-01      2.99e-03    3.08e-03      5.38e-02    4.59e-02    1.7e-05
 406000      1.99e-01    1.88e-01      2.94e-03    8.34e-03      4.86e-02    4.45e-02    1.6e-05
 407000      2.39e-01    2.20e-01      7.05e-04    7.66e-03      5.84e-02    5.33e-02    1.6e-05
 408000      2.07e-01    2.15e-01      4.35e-03    4.12e-03      5.04e-02    5.25e-02    1.6e-05
 409000      1.50e-01    2.11e-01      4.67e-04    7.91e-04      3.68e-02    5.16e-02    1.6e-05
 410000      2.56e-01    2.95e-01      6.96e-04    1.08e-03      6.27e-02    7.22e-02    1.6e-05
 411000      2.43e-01    1.80e-01      1.07e-03    8.79e-04      6.10e-02    4.52e-02    1.5e-05
 412000      2.26e-01    2.56e-01      1.04e-03    2.27e-02      5.66e-02    5.75e-02    1.5e-05
 413000      1.78e-01    2.39e-01      3.30e-03    1.25e-03      4.45e-02    6.00e-02    1.5e-05
 414000      2.43e-01    2.25e-01      3.16e-04    7.11e-03      6.08e-02    5.56e-02    1.5e-05
 415000      2.67e-01    2.13e-01      7.63e-03    8.09e-03      6.63e-02    5.27e-02    1.5e-05
 416000      2.57e-01    1.80e-01      9.94e-03    3.71e-03      6.48e-02    4.61e-02    1.4e-05
 417000      2.37e-01    1.92e-01      1.40e-03    1.05e-03      6.08e-02    4.93e-02    1.4e-05
 418000      1.58e-01    1.86e-01      4.45e-03    4.05e-03      4.03e-02    4.75e-02    1.4e-05
 419000      2.31e-01    2.21e-01      4.43e-03    9.19e-04      5.89e-02    5.68e-02    1.4e-05
 420000      3.35e-01    1.68e-01      5.90e-03    2.37e-03      8.58e-02    4.30e-02    1.4e-05
 421000      2.39e-01    1.50e-01      3.80e-04    1.00e-02      6.30e-02    3.78e-02    1.3e-05
 422000      2.75e-01    1.54e-01      4.35e-03    3.59e-03      7.21e-02    4.03e-02    1.3e-05
 423000      2.67e-01    1.95e-01      2.90e-03    7.10e-03      7.02e-02    5.05e-02    1.3e-05
 424000      2.33e-01    2.49e-01      8.78e-04    5.54e-03      6.13e-02    6.52e-02    1.3e-05
 425000      2.46e-01    1.52e-01      7.45e-04    2.89e-03      6.47e-02    3.98e-02    1.3e-05
 426000      2.09e-01    2.08e-01      1.54e-04    1.15e-03      5.62e-02    5.59e-02    1.3e-05
 427000      1.67e-01    2.47e-01      2.12e-03    2.17e-03      4.49e-02    6.65e-02    1.3e-05
 428000      1.91e-01    1.53e-01      5.19e-04    3.47e-03      5.14e-02    4.08e-02    1.3e-05
 429000      1.93e-01    1.33e-01      1.76e-03    1.05e-03      5.19e-02    3.58e-02    1.3e-05
 430000      2.87e-01    1.11e-01      2.63e-04    1.01e-03      7.74e-02    2.99e-02    1.3e-05
 431000      1.75e-01    1.87e-01      1.78e-03    2.30e-03      4.81e-02    5.16e-02    1.2e-05
 432000      2.17e-01    1.97e-01      8.03e-03    6.26e-03      5.86e-02    5.37e-02    1.2e-05
 433000      2.25e-01    1.55e-01      3.03e-03    1.81e-03      6.18e-02    4.27e-02    1.2e-05
 434000      2.67e-01    1.62e-01      2.34e-03    4.95e-03      7.37e-02    4.42e-02    1.2e-05
 435000      2.41e-01    1.52e-01      1.91e-02    3.32e-03      6.09e-02    4.16e-02    1.2e-05
 436000      1.92e-01    1.77e-01      2.04e-03    2.44e-04      5.40e-02    4.99e-02    1.2e-05
 437000      1.69e-01    1.72e-01      3.20e-03    8.97e-03      4.75e-02    4.68e-02    1.2e-05
 438000      1.85e-01    2.08e-01      2.34e-03    3.53e-03      5.23e-02    5.84e-02    1.2e-05
 439000      2.41e-01    1.37e-01      9.83e-04    2.06e-03      6.81e-02    3.86e-02    1.2e-05
 440000      2.43e-01    1.96e-01      8.85e-03    3.79e-03      6.74e-02    5.51e-02    1.2e-05
 441000      2.52e-01    1.57e-01      6.00e-03    1.14e-03      7.22e-02    4.52e-02    1.1e-05
 442000      1.98e-01    1.94e-01      2.76e-03    3.07e-03      5.73e-02    5.58e-02    1.1e-05
 443000      1.30e-01    1.35e-01      1.27e-02    3.48e-03      3.40e-02    3.87e-02    1.1e-05
 444000      1.76e-01    1.58e-01      1.33e-03    6.95e-03      5.08e-02    4.47e-02    1.1e-05
 445000      1.86e-01    1.90e-01      1.31e-03    4.49e-03      5.37e-02    5.46e-02    1.1e-05
 446000      2.59e-01    1.61e-01      5.67e-04    1.82e-04      7.66e-02    4.78e-02    1.0e-05
 447000      1.73e-01    1.94e-01      2.30e-03    6.89e-03      5.11e-02    5.63e-02    1.0e-05
 448000      1.74e-01    1.78e-01      2.31e-03    3.43e-03      5.13e-02    5.25e-02    1.0e-05
 449000      2.05e-01    1.47e-01      2.54e-03    1.97e-03      6.04e-02    4.35e-02    1.0e-05
 450000      1.51e-01    1.96e-01      1.94e-03    4.64e-03      4.46e-02    5.74e-02    1.0e-05
 451000      1.34e-01    1.79e-01      1.62e-03    3.95e-03      4.06e-02    5.37e-02    9.9e-06
 452000      1.78e-01    1.99e-01      9.04e-04    8.30e-03      5.41e-02    5.88e-02    9.9e-06
 453000      2.83e-01    1.90e-01      7.85e-03    8.33e-03      8.49e-02    5.60e-02    9.9e-06
 454000      1.35e-01    1.77e-01      1.65e-03    1.49e-03      4.08e-02    5.35e-02    9.9e-06
 455000      2.48e-01    2.72e-01      3.94e-03    2.83e-03      7.49e-02    8.23e-02    9.9e-06
 456000      2.09e-01    1.81e-01      1.21e-02    6.55e-03      6.19e-02    5.55e-02    9.4e-06
 457000      1.92e-01    1.28e-01      7.48e-04    3.73e-03      5.95e-02    3.91e-02    9.4e-06
 458000      2.15e-01    1.99e-01      9.71e-03    2.51e-03      6.50e-02    6.16e-02    9.4e-06
 459000      2.39e-01    1.47e-01      9.72e-03    1.91e-03      7.25e-02    4.56e-02    9.4e-06
 460000      2.33e-01    1.35e-01      4.06e-03    1.09e-03      7.20e-02    4.17e-02    9.4e-06
 461000      1.61e-01    1.93e-01      1.29e-03    2.81e-03      5.12e-02    6.12e-02    8.9e-06
 462000      2.56e-01    1.74e-01      3.05e-03    2.68e-03      8.11e-02    5.51e-02    8.9e-06
 463000      1.75e-01    1.04e-01      1.77e-03    2.36e-03      5.54e-02    3.27e-02    8.9e-06
 464000      2.69e-01    1.99e-01      4.64e-03    2.35e-03      8.53e-02    6.31e-02    8.9e-06
 465000      1.21e-01    1.92e-01      1.69e-03    4.15e-04      3.83e-02    6.08e-02    8.9e-06
 466000      1.68e-01    2.14e-01      1.18e-02    9.60e-03      5.08e-02    6.80e-02    8.5e-06
 467000      1.80e-01    1.23e-01      1.35e-03    2.61e-04      5.86e-02    3.99e-02    8.5e-06
 468000      1.25e-01    1.62e-01      7.11e-03    2.81e-03      3.90e-02    5.23e-02    8.5e-06
 469000      1.40e-01    1.61e-01      8.94e-03    1.99e-03      4.32e-02    5.21e-02    8.5e-06
 470000      2.26e-01    1.64e-01      1.16e-02    9.56e-04      7.09e-02    5.34e-02    8.5e-06
 471000      1.57e-01    1.48e-01      1.81e-03    8.14e-04      5.21e-02    4.91e-02    8.1e-06
 472000      1.90e-01    1.28e-01      2.42e-04    1.07e-04      6.31e-02    4.25e-02    8.1e-06
 473000      1.91e-01    1.59e-01      1.30e-03    6.28e-03      6.35e-02    5.17e-02    8.1e-06
 474000      1.43e-01    1.42e-01      3.87e-03    4.27e-04      4.70e-02    4.74e-02    8.1e-06
 475000      2.41e-01    2.45e-01      4.23e-03    2.70e-03      7.96e-02    8.13e-02    8.1e-06
 476000      1.87e-01    1.96e-01      5.80e-03    2.48e-03      6.27e-02    6.63e-02    7.7e-06
 477000      1.42e-01    1.54e-01      3.20e-03    6.49e-04      4.78e-02    5.25e-02    7.7e-06
 478000      1.70e-01    1.60e-01      7.17e-04    2.63e-03      5.78e-02    5.42e-02    7.7e-06
 479000      1.96e-01    1.29e-01      9.13e-03    2.05e-03      6.44e-02    4.35e-02    7.7e-06
 480000      1.38e-01    1.51e-01      6.22e-03    1.75e-03      4.57e-02    5.14e-02    7.7e-06
 481000      1.67e-01    1.43e-01      5.98e-04    2.99e-03      5.82e-02    4.94e-02    7.3e-06
 482000      1.37e-01    1.57e-01      5.15e-03    3.76e-03      4.67e-02    5.42e-02    7.3e-06
 483000      1.99e-01    1.62e-01      5.35e-04    8.13e-05      6.91e-02    5.63e-02    7.3e-06
 484000      2.04e-01    1.34e-01      2.57e-03    1.94e-03      7.07e-02    4.65e-02    7.3e-06
 485000      1.83e-01    1.56e-01      7.43e-04    2.73e-03      6.35e-02    5.39e-02    7.3e-06
 486000      2.46e-01    1.52e-01      2.65e-03    1.22e-03      8.74e-02    5.40e-02    6.9e-06
 487000      1.77e-01    1.86e-01      1.67e-03    9.65e-04      6.29e-02    6.61e-02    6.9e-06
 488000      1.32e-01    1.40e-01      2.33e-03    2.48e-03      4.69e-02    4.97e-02    6.9e-06
 489000      1.49e-01    1.41e-01      1.74e-03    1.57e-03      5.29e-02    5.01e-02    6.9e-06
 490000      1.86e-01    1.67e-01      1.56e-03    1.78e-03      6.60e-02    5.93e-02    6.9e-06
 491000      1.87e-01    1.43e-01      8.32e-03    4.91e-03      6.62e-02    5.13e-02    6.6e-06
 492000      1.34e-01    1.11e-01      2.15e-03    1.19e-03      4.85e-02    4.04e-02    6.6e-06
 493000      2.11e-01    1.48e-01      7.93e-03    1.44e-03      7.52e-02    5.37e-02    6.6e-06
 494000      1.43e-01    1.63e-01      5.66e-04    2.05e-03      5.19e-02    5.91e-02    6.6e-06
 495000      1.61e-01    1.93e-01      8.62e-04    6.22e-03      5.84e-02    6.89e-02    6.6e-06
 496000      1.63e-01    1.61e-01      1.19e-02    5.55e-04      5.63e-02    5.99e-02    6.2e-06
 497000      1.79e-01    1.10e-01      4.90e-04    2.03e-04      6.65e-02    4.11e-02    6.2e-06
 498000      1.63e-01    1.56e-01      1.88e-03    5.45e-03      6.05e-02    5.67e-02    6.2e-06
 499000      1.47e-01    1.11e-01      1.37e-03    4.31e-04      5.46e-02    4.13e-02    6.2e-06
 500000      1.65e-01    1.16e-01      2.50e-03    3.15e-03      6.10e-02    4.26e-02    6.2e-06
 501000      2.37e-01    1.13e-01      1.14e-02    5.02e-03      8.75e-02    4.21e-02    5.9e-06
 502000      1.37e-01    1.19e-01      3.84e-03    1.42e-03      5.16e-02    4.51e-02    5.9e-06
 503000      2.01e-01    1.48e-01      1.50e-03    4.12e-03      7.63e-02    5.55e-02    5.9e-06
 504000      1.75e-01    1.53e-01      5.14e-03    6.09e-03      6.56e-02    5.73e-02    5.9e-06
 505000      1.84e-01    1.34e-01      1.48e-03    9.53e-03      7.00e-02    4.75e-02    5.9e-06
 506000      1.30e-01    1.44e-01      3.74e-03    4.67e-03      4.99e-02    5.53e-02    5.6e-06
 507000      1.51e-01    1.01e-01      6.06e-03    1.34e-03      5.75e-02    3.92e-02    5.6e-06
 508000      1.33e-01    1.54e-01      2.95e-03    3.24e-03      5.12e-02    5.92e-02    5.6e-06
 509000      1.17e-01    1.70e-01      7.99e-03    4.12e-03      4.26e-02    6.55e-02    5.6e-06
 510000      1.45e-01    1.25e-01      3.20e-03    1.42e-03      5.57e-02    4.86e-02    5.6e-06
 511000      1.72e-01    1.21e-01      7.37e-03    2.56e-03      6.63e-02    4.77e-02    5.3e-06
 512000      1.37e-01    1.30e-01      5.88e-03    1.63e-03      5.30e-02    5.14e-02    5.3e-06
 513000      1.28e-01    1.06e-01      1.06e-02    2.19e-03      4.62e-02    4.19e-02    5.3e-06
 514000      1.62e-01    1.13e-01      1.17e-03    1.68e-03      6.43e-02    4.47e-02    5.3e-06
 515000      1.57e-01    1.45e-01      1.70e-03    2.94e-03      6.21e-02    5.71e-02    5.3e-06
 516000      1.16e-01    1.28e-01      8.00e-04    9.84e-04      4.70e-02    5.21e-02    5.1e-06
 517000      1.32e-01    1.60e-01      6.50e-03    5.09e-03      5.19e-02    6.42e-02    5.1e-06
 518000      1.20e-01    1.31e-01      2.37e-03    1.13e-03      4.86e-02    5.32e-02    5.1e-06
 519000      1.24e-01    1.19e-01      4.57e-04    1.74e-03      5.02e-02    4.81e-02    5.1e-06
 520000      1.48e-01    1.48e-01      4.17e-03    2.94e-03      5.93e-02    5.95e-02    5.1e-06
 521000      9.42e-02    1.17e-01      4.15e-04    1.05e-03      3.90e-02    4.84e-02    4.8e-06
 522000      1.13e-01    1.13e-01      1.42e-03    1.73e-03      4.66e-02    4.65e-02    4.8e-06
 523000      1.28e-01    1.72e-01      2.29e-03    8.08e-03      5.26e-02    6.90e-02    4.8e-06
 524000      1.44e-01    1.55e-01      3.78e-03    1.95e-03      5.89e-02    6.43e-02    4.8e-06
 525000      1.84e-01    9.13e-02      3.30e-03    2.75e-03      7.57e-02    3.72e-02    4.8e-06
 526000      1.52e-01    1.02e-01      2.30e-03    2.91e-03      6.39e-02    4.28e-02    4.6e-06
 527000      1.50e-01    1.02e-01      2.29e-03    2.11e-03      6.34e-02    4.29e-02    4.6e-06
 528000      1.50e-01    1.09e-01      9.12e-04    1.34e-03      6.33e-02    4.61e-02    4.6e-06
 529000      1.25e-01    1.64e-01      4.04e-03    1.42e-03      5.25e-02    6.92e-02    4.6e-06
 530000      1.72e-01    1.01e-01      2.68e-03    1.84e-03      7.26e-02    4.24e-02    4.6e-06
 531000      9.25e-02    1.27e-01      2.54e-03    4.15e-03      3.96e-02    5.40e-02    4.4e-06
 532000      1.37e-01    1.04e-01      2.31e-03    6.30e-04      5.89e-02    4.48e-02    4.4e-06
 533000      1.79e-01    1.11e-01      7.63e-03    7.01e-04      7.54e-02    4.79e-02    4.4e-06
 534000      1.84e-01    1.12e-01      2.10e-03    7.81e-04      7.95e-02    4.85e-02    4.4e-06
 535000      1.44e-01    1.10e-01      1.02e-02    2.13e-03      5.81e-02    4.75e-02    4.4e-06
 536000      1.00e-01    1.09e-01      3.23e-04    2.52e-03      4.42e-02    4.75e-02    4.1e-06
 537000      1.34e-01    1.00e-01      3.07e-03    1.18e-03      5.88e-02    4.40e-02    4.1e-06
 538000      1.63e-01    1.27e-01      2.01e-03    2.73e-03      7.19e-02    5.59e-02    4.1e-06
 539000      1.50e-01    1.23e-01      1.31e-03    9.52e-04      6.62e-02    5.44e-02    4.1e-06
 540000      1.40e-01    1.04e-01      7.57e-03    3.90e-03      5.93e-02    4.51e-02    4.1e-06
 541000      1.81e-01    1.08e-01      5.48e-03    7.06e-04      8.06e-02    4.88e-02    3.9e-06
 542000      1.27e-01    1.07e-01      2.73e-03    1.62e-03      5.69e-02    4.82e-02    3.9e-06
 543000      1.26e-01    7.74e-02      7.85e-04    2.29e-03      5.66e-02    3.44e-02    3.9e-06
 544000      1.51e-01    1.13e-01      2.75e-04    2.16e-03      6.82e-02    5.06e-02    3.9e-06
 545000      1.27e-01    8.85e-02      7.29e-03    1.16e-03      5.48e-02    3.98e-02    3.9e-06
 546000      1.56e-01    1.41e-01      3.87e-03    2.34e-03      7.14e-02    6.44e-02    3.7e-06
 547000      9.23e-02    1.52e-01      1.51e-03    2.50e-03      4.23e-02    6.96e-02    3.7e-06
 548000      1.04e-01    1.07e-01      2.28e-03    1.69e-03      4.74e-02    4.89e-02    3.7e-06
 549000      1.50e-01    1.02e-01      1.79e-03    2.38e-03      6.90e-02    4.63e-02    3.7e-06
 550000      1.09e-01    8.73e-02      1.75e-03    1.82e-03      4.98e-02    3.99e-02    3.7e-06
 551000      1.34e-01    1.03e-01      8.14e-04    1.46e-03      6.30e-02    4.82e-02    3.5e-06
 552000      1.11e-01    1.03e-01      3.85e-03    1.16e-03      5.14e-02    4.85e-02    3.5e-06
 553000      1.53e-01    1.43e-01      1.54e-03    9.06e-03      7.15e-02    6.33e-02    3.5e-06
 554000      1.77e-01    1.06e-01      5.52e-03    1.74e-03      8.19e-02    4.97e-02    3.5e-06
 555000      9.94e-02    1.36e-01      1.89e-03    3.07e-03      4.65e-02    6.34e-02    3.5e-06
 556000      7.96e-02    9.68e-02      1.54e-03    1.91e-03      3.79e-02    4.60e-02    3.4e-06
 557000      1.09e-01    1.18e-01      2.04e-04    4.82e-03      5.19e-02    5.52e-02    3.4e-06
 558000      1.63e-01    1.21e-01      4.48e-03    6.88e-04      7.71e-02    5.79e-02    3.4e-06
 559000      1.27e-01    1.16e-01      1.69e-03    5.52e-03      6.06e-02    5.42e-02    3.4e-06
 560000      6.78e-02    1.06e-01      1.28e-03    4.95e-04      3.22e-02    5.09e-02    3.4e-06
 561000      1.02e-01    9.48e-02      2.04e-03    1.14e-03      4.97e-02    4.62e-02    3.2e-06
 562000      1.43e-01    1.22e-01      2.75e-03    1.73e-03      6.91e-02    5.94e-02    3.2e-06
 563000      1.13e-01    1.20e-01      3.47e-04    1.21e-03      5.49e-02    5.86e-02    3.2e-06
 564000      8.86e-02    7.56e-02      1.49e-03    4.15e-03      4.30e-02    3.58e-02    3.2e-06
 565000      1.04e-01    7.83e-02      1.73e-03    1.31e-03      5.06e-02    3.81e-02    3.2e-06
 566000      1.11e-01    7.46e-02      5.59e-03    1.16e-03      5.35e-02    3.70e-02    3.0e-06
 567000      8.11e-02    9.33e-02      1.46e-03    4.94e-04      4.02e-02    4.64e-02    3.0e-06
 568000      1.43e-01    9.46e-02      4.06e-03    2.14e-04      7.04e-02    4.71e-02    3.0e-06
 569000      1.15e-01    1.18e-01      6.98e-03    3.07e-03      5.46e-02    5.83e-02    3.0e-06
 570000      9.18e-02    8.99e-02      2.05e-03    1.05e-03      4.54e-02    4.47e-02    3.0e-06
 571000      6.91e-02    1.07e-01      5.00e-03    3.61e-03      3.33e-02    5.34e-02    2.9e-06
 572000      1.22e-01    8.81e-02      6.39e-03    2.52e-03      5.94e-02    4.42e-02    2.9e-06
 573000      9.13e-02    1.25e-01      2.76e-04    3.25e-03      4.63e-02    6.29e-02    2.9e-06
 574000      5.71e-02    1.15e-01      6.56e-04    5.34e-04      2.89e-02    5.85e-02    2.9e-06
 575000      1.66e-01    9.06e-02      5.78e-03    6.70e-04      8.30e-02    4.59e-02    2.9e-06
 576000      1.17e-01    1.40e-01      2.61e-03    2.03e-03      6.02e-02    7.20e-02    2.7e-06
 577000      9.09e-02    9.57e-02      2.37e-04    5.90e-03      4.70e-02    4.71e-02    2.7e-06
 578000      9.70e-02    1.13e-01      8.23e-04    4.31e-03      5.01e-02    5.70e-02    2.7e-06
 579000      1.48e-01    6.99e-02      2.60e-03    4.12e-04      7.61e-02    3.61e-02    2.7e-06
 580000      9.48e-02    1.01e-01      4.18e-04    2.68e-03      4.90e-02    5.16e-02    2.7e-06
 581000      8.26e-02    8.43e-02      6.17e-03    1.08e-03      4.11e-02    4.43e-02    2.6e-06
 582000      1.26e-01    6.85e-02      2.44e-03    8.57e-04      6.62e-02    3.60e-02    2.6e-06
 583000      1.07e-01    1.04e-01      9.32e-04    1.62e-03      5.62e-02    5.46e-02    2.6e-06
 584000      1.31e-01    9.66e-02      6.47e-04    5.08e-03      6.91e-02    4.90e-02    2.6e-06
 585000      1.05e-01    9.34e-02      1.16e-03    4.40e-03      5.53e-02    4.76e-02    2.6e-06
 586000      9.05e-02    9.39e-02      1.14e-03    5.73e-04      4.85e-02    5.03e-02    2.5e-06
 587000      1.66e-01    9.87e-02      1.26e-03    3.16e-03      8.91e-02    5.22e-02    2.5e-06
 588000      8.68e-02    9.00e-02      1.02e-03    1.07e-03      4.64e-02    4.82e-02    2.5e-06
 589000      1.28e-01    9.77e-02      1.09e-03    1.38e-03      6.84e-02    5.23e-02    2.5e-06
 590000      1.17e-01    7.03e-02      4.64e-03    5.97e-04      6.16e-02    3.77e-02    2.5e-06
 591000      6.95e-02    7.95e-02      4.69e-03    5.86e-03      3.63e-02    4.11e-02    2.4e-06
 592000      1.05e-01    7.16e-02      2.63e-03    1.89e-03      5.70e-02    3.87e-02    2.4e-06
 593000      8.83e-02    8.45e-02      5.35e-04    2.85e-03      4.82e-02    4.56e-02    2.4e-06
 594000      1.47e-01    9.88e-02      1.31e-03    2.94e-03      8.05e-02    5.31e-02    2.4e-06
 595000      1.02e-01    9.07e-02      5.80e-04    1.39e-03      5.55e-02    4.94e-02    2.4e-06
 596000      1.24e-01    1.10e-01      8.10e-03    2.89e-04      6.40e-02    6.12e-02    2.2e-06
 597000      7.96e-02    9.88e-02      1.09e-03    1.53e-03      4.41e-02    5.47e-02    2.2e-06
 598000      1.15e-01    5.93e-02      3.11e-03    3.55e-03      6.32e-02    3.19e-02    2.2e-06
 599000      8.96e-02    7.23e-02      8.56e-04    2.39e-03      4.98e-02    3.95e-02    2.2e-06
 600000      1.26e-01    9.32e-02      2.86e-03    1.23e-03      6.95e-02    5.17e-02    2.2e-06
 601000      7.37e-02    8.27e-02      3.26e-03    1.49e-03      4.08e-02    4.66e-02    2.1e-06
 602000      7.67e-02    9.25e-02      1.14e-04    4.56e-03      4.34e-02    5.11e-02    2.1e-06
 603000      7.46e-02    7.61e-02      1.30e-03    4.88e-04      4.20e-02    4.30e-02    2.1e-06
 604000      9.76e-02    9.63e-02      8.40e-04    3.04e-04      5.52e-02    5.45e-02    2.1e-06
 605000      6.62e-02    9.69e-02      1.44e-03    2.54e-03      3.72e-02    5.43e-02    2.1e-06
 606000      1.52e-01    9.34e-02      2.62e-03    6.52e-03      8.71e-02    5.03e-02    2.0e-06
 607000      1.14e-01    6.52e-02      2.26e-03    2.92e-03      6.50e-02    3.67e-02    2.0e-06
 608000      1.27e-01    7.83e-02      7.71e-03    2.48e-03      6.90e-02    4.44e-02    2.0e-06
 609000      6.95e-02    1.08e-01      1.70e-03    1.61e-03      3.96e-02    6.19e-02    2.0e-06
 610000      7.12e-02    8.66e-02      1.67e-03    7.52e-04      4.06e-02    4.98e-02    2.0e-06
 611000      7.11e-02    8.55e-02      5.39e-04    6.39e-04      4.16e-02    5.00e-02    1.9e-06
 612000      8.91e-02    5.47e-02      7.03e-05    1.95e-03      5.22e-02    3.13e-02    1.9e-06
 613000      7.32e-02    7.96e-02      9.25e-05    3.55e-03      4.28e-02    4.53e-02    1.9e-06
 614000      9.55e-02    8.33e-02      2.47e-03    4.72e-03      5.53e-02    4.65e-02    1.9e-06
 615000      9.58e-02    9.72e-02      1.55e-03    5.28e-04      5.59e-02    5.69e-02    1.9e-06
 616000      1.24e-01    7.41e-02      6.08e-03    2.73e-03      7.14e-02    4.31e-02    1.8e-06
 617000      1.14e-01    6.63e-02      1.35e-03    6.38e-04      6.79e-02    3.94e-02    1.8e-06
 618000      1.32e-01    8.30e-02      6.96e-04    5.41e-03      7.87e-02    4.64e-02    1.8e-06
 619000      7.08e-02    7.36e-02      1.71e-03    2.49e-03      4.18e-02    4.30e-02    1.8e-06
 620000      1.04e-01    9.00e-02      5.94e-03    1.31e-03      5.92e-02    5.34e-02    1.8e-06
 621000      1.03e-01    7.49e-02      3.78e-03    9.90e-04      6.11e-02    4.52e-02    1.7e-06
 622000      9.16e-02    7.79e-02      8.68e-04    2.60e-03      5.54e-02    4.64e-02    1.7e-06
 623000      7.43e-02    7.43e-02      6.96e-04    3.14e-03      4.49e-02    4.40e-02    1.7e-06
 624000      9.60e-02    7.60e-02      3.29e-04    5.55e-04      5.81e-02    4.60e-02    1.7e-06
 625000      1.07e-01    7.18e-02      8.62e-04    9.40e-05      6.47e-02    4.34e-02    1.7e-06
 626000      6.12e-02    6.69e-02      1.63e-03    3.72e-04      3.74e-02    4.11e-02    1.6e-06
 627000      8.85e-02    6.93e-02      1.79e-03    3.06e-03      5.41e-02    4.17e-02    1.6e-06
 628000      1.15e-01    8.14e-02      1.11e-03    1.05e-03      7.06e-02    5.00e-02    1.6e-06
 629000      9.33e-02    6.88e-02      2.45e-03    4.26e-03      5.68e-02    4.08e-02    1.6e-06
 630000      8.75e-02    8.39e-02      3.11e-04    3.07e-03      5.38e-02    5.10e-02    1.6e-06
 631000      8.20e-02    6.82e-02      1.91e-03    7.68e-04      5.08e-02    4.26e-02    1.6e-06
 632000      9.59e-02    8.80e-02      1.34e-03    4.23e-04      5.98e-02    5.50e-02    1.6e-06
 633000      1.05e-01    6.24e-02      8.86e-04    1.94e-03      6.56e-02    3.86e-02    1.6e-06
 634000      1.18e-01    8.69e-02      1.36e-03    3.91e-03      7.34e-02    5.23e-02    1.6e-06
 635000      1.10e-01    8.57e-02      1.99e-03    7.10e-04      6.82e-02    5.35e-02    1.6e-06
 636000      7.73e-02    8.35e-02      4.58e-04    1.90e-03      4.91e-02    5.26e-02    1.5e-06
 637000      8.21e-02    9.68e-02      1.24e-03    2.79e-03      5.19e-02    6.06e-02    1.5e-06
 638000      8.29e-02    7.03e-02      6.08e-03    1.36e-04      4.88e-02    4.46e-02    1.5e-06
 639000      1.19e-01    7.91e-02      4.31e-03    1.21e-03      7.39e-02    5.00e-02    1.5e-06
 640000      9.16e-02    8.83e-02      1.12e-03    4.60e-03      5.80e-02    5.38e-02    1.5e-06
 641000      8.82e-02    7.42e-02      8.50e-04    2.28e-03      5.67e-02    4.70e-02    1.4e-06
 642000      6.98e-02    8.31e-02      2.79e-04    4.48e-03      4.50e-02    5.15e-02    1.4e-06
 643000      5.79e-02    8.23e-02      4.48e-03    3.99e-05      3.51e-02    5.31e-02    1.4e-06
 644000      6.85e-02    5.59e-02      4.12e-04    2.95e-03      4.41e-02    3.50e-02    1.4e-06
 645000      1.48e-01    7.74e-02      6.47e-04    2.12e-03      9.54e-02    4.94e-02    1.4e-06
 646000      1.03e-01    6.45e-02      4.56e-03    2.94e-03      6.56e-02    4.08e-02    1.3e-06
 647000      9.59e-02    8.26e-02      7.48e-03    1.34e-03      5.72e-02    5.38e-02    1.3e-06
 648000      5.67e-02    5.47e-02      1.49e-03    3.39e-04      3.68e-02    3.58e-02    1.3e-06
 649000      6.75e-02    9.17e-02      8.23e-04    7.93e-04      4.40e-02    5.99e-02    1.3e-06
 650000      8.81e-02    8.12e-02      8.46e-04    8.88e-04      5.76e-02    5.30e-02    1.3e-06
 651000      1.26e-01    6.76e-02      8.56e-03    4.96e-04      7.86e-02    4.49e-02    1.3e-06
 652000      8.52e-02    9.52e-02      8.47e-04    2.73e-03      5.64e-02    6.25e-02    1.3e-06
 653000      6.93e-02    7.91e-02      8.76e-04    1.84e-03      4.59e-02    5.21e-02    1.3e-06
 654000      6.95e-02    8.75e-02      6.62e-04    2.63e-03      4.61e-02    5.71e-02    1.3e-06
 655000      9.95e-02    8.89e-02      1.29e-03    1.57e-03      6.59e-02    5.86e-02    1.3e-06
 656000      9.18e-02    9.16e-02      1.33e-03    3.65e-03      6.16e-02    5.99e-02    1.2e-06
 657000      8.80e-02    7.98e-02      4.67e-03    1.35e-03      5.73e-02    5.35e-02    1.2e-06
 658000      9.21e-02    6.77e-02      4.61e-04    1.66e-03      6.20e-02    4.51e-02    1.2e-06
 659000      1.13e-01    9.00e-02      6.87e-03    4.19e-03      7.15e-02    5.86e-02    1.2e-06
 660000      8.63e-02    5.77e-02      2.01e-03    4.59e-04      5.76e-02    3.88e-02    1.2e-06
 661000      8.32e-02    6.02e-02      2.58e-03    1.79e-03      5.58e-02    4.06e-02    1.1e-06
 662000      1.24e-01    8.66e-02      4.90e-04    2.46e-03      8.45e-02    5.84e-02    1.1e-06
 663000      6.77e-02    6.88e-02      2.61e-04    2.98e-03      4.62e-02    4.61e-02    1.1e-06
 664000      1.00e-01    5.91e-02      7.79e-03    1.85e-03      6.28e-02    3.97e-02    1.1e-06
 665000      8.55e-02    7.17e-02      8.16e-04    2.48e-03      5.83e-02    4.80e-02    1.1e-06
 666000      6.72e-02    5.93e-02      1.99e-03    1.97e-03      4.59e-02    4.03e-02    1.1e-06
 667000      7.82e-02    6.33e-02      6.15e-04    7.54e-04      5.41e-02    4.37e-02    1.1e-06
 668000      1.03e-01    8.52e-02      4.37e-03    4.45e-03      6.96e-02    5.68e-02    1.1e-06
 669000      1.45e-01    5.39e-02      8.68e-04    3.52e-03      1.00e-01    3.57e-02    1.1e-06
 670000      1.23e-01    6.31e-02      1.35e-03    7.38e-04      8.51e-02    4.36e-02    1.1e-06
 671000      7.74e-02    6.75e-02      6.95e-04    3.29e-04      5.42e-02    4.73e-02    1.0e-06
 672000      6.90e-02    8.15e-02      1.61e-03    4.99e-03      4.79e-02    5.37e-02    1.0e-06
 673000      7.55e-02    6.87e-02      1.46e-03    3.36e-03      5.27e-02    4.68e-02    1.0e-06
 674000      9.02e-02    6.64e-02      1.87e-03    1.39e-03      6.28e-02    4.62e-02    1.0e-06
 675000      7.99e-02    6.39e-02      1.82e-03    9.42e-04      5.55e-02    4.47e-02    1.0e-06
 676000      8.13e-02    5.15e-02      9.32e-04    4.34e-05      5.76e-02    3.66e-02    9.8e-07
 677000      7.56e-02    7.25e-02      4.75e-04    9.84e-04      5.37e-02    5.13e-02    9.8e-07
 678000      7.32e-02    5.43e-02      7.63e-04    2.26e-03      5.19e-02    3.79e-02    9.8e-07
 679000      9.44e-02    7.74e-02      5.08e-04    7.42e-04      6.70e-02    5.49e-02    9.8e-07
 680000      8.11e-02    5.20e-02      3.70e-03    1.27e-03      5.61e-02    3.67e-02    9.8e-07
 681000      8.37e-02    7.33e-02      1.36e-03    2.50e-03      5.99e-02    5.20e-02    9.3e-07
 682000      1.06e-01    6.75e-02      4.02e-03    3.14e-03      7.46e-02    4.71e-02    9.3e-07
 683000      7.43e-02    7.08e-02      3.75e-03    8.38e-04      5.15e-02    5.08e-02    9.3e-07
 684000      8.36e-02    7.62e-02      4.47e-03    5.22e-03      5.78e-02    5.18e-02    9.3e-07
 685000      1.05e-01    7.13e-02      2.21e-03    1.47e-03      7.46e-02    5.09e-02    9.3e-07
 686000      5.89e-02    6.28e-02      1.30e-03    1.06e-03      4.26e-02    4.55e-02    8.9e-07
 687000      5.65e-02    8.68e-02      3.02e-04    1.81e-03      4.11e-02    6.28e-02    8.9e-07
 688000      7.80e-02    6.47e-02      3.84e-03    6.44e-04      5.52e-02    4.70e-02    8.9e-07
 689000      1.14e-01    5.92e-02      5.93e-03    1.38e-03      7.95e-02    4.28e-02    8.9e-07
 690000      1.06e-01    7.88e-02      3.72e-03    5.13e-04      7.57e-02    5.73e-02    8.9e-07
 691000      4.97e-02    6.77e-02      1.06e-03    2.81e-03      3.63e-02    4.86e-02    8.4e-07
 692000      9.36e-02    6.23e-02      3.32e-03    5.52e-04      6.77e-02    4.59e-02    8.4e-07
 693000      5.74e-02    7.15e-02      2.40e-03    8.64e-04      4.12e-02    5.25e-02    8.4e-07
 694000      8.60e-02    5.78e-02      3.97e-04    8.77e-04      6.34e-02    4.24e-02    8.4e-07
 695000      4.85e-02    6.10e-02      4.78e-03    2.50e-04      3.22e-02    4.49e-02    8.4e-07
 696000      6.56e-02    6.44e-02      1.36e-03    3.81e-03      4.85e-02    4.53e-02    8.0e-07
 697000      1.38e-01    8.73e-02      5.22e-04    5.70e-03      1.03e-01    6.09e-02    8.0e-07
 698000      7.31e-02    1.02e-01      3.26e-03    4.07e-03      5.32e-02    7.45e-02    8.0e-07
 699000      6.63e-02    8.33e-02      7.25e-04    3.56e-03      4.93e-02    6.06e-02    8.0e-07
 700000      6.91e-02    7.27e-02      3.10e-03    3.17e-03      4.99e-02    5.25e-02    8.0e-07
 701000      1.02e-01    8.47e-02      3.69e-03    3.33e-04      7.51e-02    6.38e-02    7.6e-07
 702000      6.48e-02    7.09e-02      9.94e-04    6.46e-04      4.87e-02    5.33e-02    7.6e-07
 703000      5.59e-02    8.11e-02      1.61e-03    1.26e-03      4.16e-02    6.10e-02    7.6e-07
 704000      7.18e-02    5.93e-02      2.72e-03    4.60e-04      5.31e-02    4.47e-02    7.6e-07
 705000      7.57e-02    5.96e-02      3.20e-03    1.07e-03      5.57e-02    4.47e-02    7.6e-07
 706000      7.61e-02    9.23e-02      8.76e-04    2.50e-03      5.78e-02    6.95e-02    7.2e-07
 707000      5.89e-02    7.96e-02      2.82e-03    1.57e-03      4.35e-02    6.03e-02    7.2e-07
 708000      7.25e-02    8.36e-02      3.36e-03    2.21e-03      5.37e-02    6.29e-02    7.2e-07
 709000      5.30e-02    9.32e-02      6.43e-04    7.24e-04      4.03e-02    7.09e-02    7.2e-07
 710000      7.59e-02    8.19e-02      4.42e-04    6.34e-04      5.78e-02    6.23e-02    7.2e-07
 711000      6.84e-02    6.71e-02      1.26e-03    2.75e-03      5.24e-02    5.03e-02    6.9e-07
 712000      7.68e-02    5.06e-02      1.65e-03    4.52e-04      5.87e-02    3.89e-02    6.9e-07
 713000      4.93e-02    5.59e-02      1.58e-03    1.24e-03      3.73e-02    4.28e-02    6.9e-07
 714000      1.03e-01    8.17e-02      5.79e-04    1.31e-03      7.93e-02    6.27e-02    6.9e-07
 715000      6.00e-02    6.96e-02      9.41e-04    2.08e-03      4.61e-02    5.30e-02    6.9e-07
 716000      6.75e-02    7.88e-02      2.36e-03    6.09e-04      5.17e-02    6.13e-02    6.5e-07
 717000      6.96e-02    5.46e-02      3.76e-03    1.56e-03      5.20e-02    4.21e-02    6.5e-07
 718000      8.13e-02    8.63e-02      1.98e-03    3.62e-03      6.26e-02    6.52e-02    6.5e-07
 719000      7.20e-02    7.00e-02      1.21e-03    1.17e-03      5.58e-02    5.42e-02    6.5e-07
 720000      9.43e-02    6.32e-02      1.24e-03    7.76e-04      7.32e-02    4.90e-02    6.5e-07
 721000      5.59e-02    6.01e-02      1.31e-03    5.30e-04      4.36e-02    4.71e-02    6.2e-07
 722000      9.69e-02    9.34e-02      4.24e-03    7.44e-03      7.38e-02    6.58e-02    6.2e-07
 723000      6.52e-02    5.65e-02      9.74e-04    7.79e-04      5.11e-02    4.42e-02    6.2e-07
 724000      5.72e-02    6.13e-02      1.63e-03    3.91e-04      4.44e-02    4.81e-02    6.2e-07
 725000      8.53e-02    5.38e-02      1.19e-03    1.11e-05      6.69e-02    4.23e-02    6.2e-07
 726000      5.90e-02    6.93e-02      2.63e-03    3.57e-03      4.51e-02    5.26e-02    5.9e-07
 727000      6.37e-02    5.18e-02      1.36e-03    1.99e-03      5.03e-02    4.04e-02    5.9e-07
 728000      7.95e-02    6.49e-02      4.44e-03    3.70e-04      6.02e-02    5.15e-02    5.9e-07
 729000      6.94e-02    7.10e-02      8.22e-04    1.01e-03      5.50e-02    5.62e-02    5.9e-07
 730000      6.73e-02    6.33e-02      6.52e-04    2.21e-04      5.33e-02    5.02e-02    5.9e-07
 731000      9.27e-02    5.79e-02      3.16e-03    2.04e-04      7.30e-02    4.64e-02    5.6e-07
 732000      7.40e-02    6.27e-02      1.90e-03    3.99e-03      5.88e-02    4.73e-02    5.6e-07
 733000      5.94e-02    7.68e-02      3.48e-03    2.58e-03      4.57e-02    6.06e-02    5.6e-07
 734000      5.84e-02    4.94e-02      3.40e-03    2.39e-04      4.47e-02    3.95e-02    5.6e-07
 735000      6.43e-02    5.53e-02      1.44e-03    1.65e-03      5.12e-02    4.39e-02    5.6e-07
 736000      8.42e-02    7.57e-02      6.74e-03    1.77e-03      6.09e-02    6.07e-02    5.3e-07
 737000      7.01e-02    6.20e-02      1.43e-04    2.44e-03      5.66e-02    4.89e-02    5.3e-07
 738000      5.73e-02    7.47e-02      5.49e-03    1.60e-03      4.07e-02    5.99e-02    5.3e-07
 739000      9.02e-02    5.08e-02      2.18e-03    3.73e-04      7.23e-02    4.10e-02    5.3e-07
 740000      5.93e-02    7.20e-02      1.64e-04    2.82e-03      4.79e-02    5.66e-02    5.3e-07
 741000      7.11e-02    6.54e-02      3.71e-04    1.09e-03      5.79e-02    5.31e-02    5.1e-07
 742000      8.18e-02    6.35e-02      3.05e-03    3.73e-04      6.54e-02    5.17e-02    5.1e-07
 743000      5.86e-02    5.00e-02      4.84e-04    3.01e-04      4.77e-02    4.07e-02    5.1e-07
 744000      6.71e-02    6.33e-02      1.65e-03    2.98e-03      5.41e-02    4.95e-02    5.1e-07
 745000      8.97e-02    6.76e-02      2.36e-03    4.04e-03      7.25e-02    5.20e-02    5.1e-07
 746000      5.53e-02    7.77e-02      1.82e-03    9.59e-04      4.47e-02    6.37e-02    4.8e-07
 747000      4.16e-02    7.05e-02      1.97e-03    2.67e-03      3.30e-02    5.65e-02    4.8e-07
 748000      7.44e-02    4.95e-02      8.20e-04    3.93e-03      6.11e-02    3.82e-02    4.8e-07
 749000      7.36e-02    6.38e-02      2.91e-03    2.71e-03      5.92e-02    5.09e-02    4.8e-07
 750000      6.15e-02    5.69e-02      7.53e-04    7.04e-04      5.04e-02    4.67e-02    4.8e-07
 751000      8.37e-02    6.41e-02      1.66e-03    4.04e-03      6.91e-02    4.98e-02    4.6e-07
 752000      6.71e-02    6.37e-02      1.49e-03    1.22e-03      5.51e-02    5.25e-02    4.6e-07
 753000      6.51e-02    6.43e-02      7.09e-04    8.99e-04      5.39e-02    5.31e-02    4.6e-07
 754000      7.37e-02    7.05e-02      2.32e-03    4.42e-03      6.03e-02    5.58e-02    4.6e-07
 755000      5.75e-02    5.75e-02      4.77e-04    2.25e-03      4.76e-02    4.66e-02    4.6e-07
 756000      6.21e-02    5.05e-02      1.23e-03    4.85e-04      5.16e-02    4.21e-02    4.3e-07
 757000      6.30e-02    6.93e-02      3.04e-03    4.30e-04      5.10e-02    5.79e-02    4.3e-07
 758000      5.83e-02    5.86e-02      8.34e-04    1.90e-03      4.86e-02    4.82e-02    4.3e-07
 759000      6.21e-02    5.38e-02      1.80e-03    4.87e-04      5.13e-02    4.49e-02    4.3e-07
 760000      7.02e-02    5.20e-02      1.12e-03    2.44e-04      5.84e-02    4.34e-02    4.3e-07
 761000      8.10e-02    6.18e-02      6.10e-04    9.24e-04      6.81e-02    5.18e-02    4.1e-07
 762000      6.29e-02    7.16e-02      1.56e-03    1.16e-03      5.24e-02    6.00e-02    4.1e-07
 763000      8.77e-02    6.12e-02      1.85e-03    3.31e-03      7.34e-02    4.95e-02    4.1e-07
 764000      8.43e-02    6.08e-02      1.46e-03    3.62e-04      7.07e-02    5.11e-02    4.1e-07
 765000      5.29e-02    4.18e-02      3.19e-04    1.32e-03      4.45e-02    3.46e-02    4.1e-07
 766000      6.24e-02    3.27e-02      5.53e-04    1.04e-03      5.28e-02    2.73e-02    3.9e-07
 767000      6.08e-02    5.49e-02      1.04e-04    1.10e-03      5.15e-02    4.63e-02    3.9e-07
 768000      1.04e-01    5.20e-02      4.80e-03    1.11e-03      8.53e-02    4.38e-02    3.9e-07
 769000      7.01e-02    6.96e-02      2.78e-03    2.55e-04      5.81e-02    5.90e-02    3.9e-07
 770000      6.97e-02    5.03e-02      3.26e-03    3.15e-04      5.72e-02    4.26e-02    3.9e-07
 771000      6.27e-02    6.68e-02      3.96e-04    3.49e-03      5.35e-02    5.46e-02    3.7e-07
 772000      7.48e-02    6.70e-02      1.65e-03    7.08e-04      6.35e-02    5.71e-02    3.7e-07
 773000      5.95e-02    6.11e-02      1.04e-03    2.72e-03      5.06e-02    5.10e-02    3.7e-07
 774000      7.08e-02    5.28e-02      9.21e-04    2.02e-03      6.03e-02    4.44e-02    3.7e-07
 775000      8.24e-02    6.74e-02      6.89e-03    6.15e-05      6.37e-02    5.76e-02    3.7e-07
 776000      5.55e-02    7.12e-02      1.80e-03    4.06e-03      4.70e-02    5.86e-02    3.5e-07
 777000      7.50e-02    6.19e-02      4.30e-03    1.96e-03      6.12e-02    5.24e-02    3.5e-07
 778000      8.03e-02    5.38e-02      2.70e-03    7.91e-04      6.76e-02    4.61e-02    3.5e-07
 779000      7.63e-02    5.40e-02      1.27e-03    4.25e-04      6.53e-02    4.64e-02    3.5e-07
 780000      5.40e-02    3.75e-02      3.97e-04    5.90e-04      4.64e-02    3.22e-02    3.5e-07
 781000      5.52e-02    5.09e-02      5.11e-04    3.67e-03      4.77e-02    4.02e-02    3.4e-07
 782000      6.68e-02    5.63e-02      1.69e-03    2.82e-04      5.72e-02    4.87e-02    3.4e-07
 783000      6.96e-02    8.07e-02      3.19e-03    3.90e-03      5.84e-02    6.79e-02    3.4e-07
 784000      8.91e-02    5.44e-02      3.56e-03    3.29e-03      7.57e-02    4.41e-02    3.4e-07
 785000      9.14e-02    5.63e-02      5.86e-03    1.25e-03      7.48e-02    4.84e-02    3.4e-07
 786000      7.19e-02    4.72e-02      4.85e-04    3.71e-04      6.26e-02    4.10e-02    3.2e-07
 787000      6.42e-02    6.44e-02      2.73e-03    1.24e-03      5.46e-02    5.58e-02    3.2e-07
 788000      6.28e-02    5.62e-02      5.53e-04    4.17e-04      5.46e-02    4.89e-02    3.2e-07
 789000      6.56e-02    7.32e-02      4.33e-03    4.83e-04      5.38e-02    6.37e-02    3.2e-07
 790000      8.56e-02    6.54e-02      2.65e-03    1.64e-03      7.37e-02    5.64e-02    3.2e-07
 791000      7.93e-02    5.58e-02      2.58e-03    4.63e-04      6.81e-02    4.89e-02    3.0e-07
 792000      7.67e-02    7.66e-02      4.46e-03    3.01e-03      6.39e-02    6.53e-02    3.0e-07
 793000      5.01e-02    5.22e-02      1.30e-03    5.33e-04      4.34e-02    4.57e-02    3.0e-07
 794000      5.54e-02    4.02e-02      2.53e-03    2.69e-03      4.71e-02    3.35e-02    3.0e-07
 795000      6.79e-02    4.47e-02      3.35e-03    8.38e-04      5.78e-02    3.90e-02    3.0e-07
 796000      8.15e-02    6.62e-02      6.88e-03    5.99e-05      6.34e-02    5.84e-02    2.9e-07
 797000      6.31e-02    4.89e-02      1.62e-03    7.72e-05      5.51e-02    4.31e-02    2.9e-07
 798000      6.19e-02    6.48e-02      4.14e-03    8.82e-04      5.13e-02    5.69e-02    2.9e-07
 799000      5.09e-02    5.63e-02      1.26e-03    2.80e-03      4.46e-02    4.83e-02    2.9e-07
 800000      4.28e-02    6.16e-02      1.15e-03    1.91e-03      3.73e-02    5.34e-02    2.9e-07
 801000      5.00e-02    8.89e-02      1.08e-03    6.46e-03      4.41e-02    7.32e-02    2.7e-07
 802000      8.01e-02    6.84e-02      1.70e-03    2.69e-03      7.04e-02    5.93e-02    2.7e-07
 803000      6.74e-02    6.23e-02      2.14e-03    2.22e-03      5.88e-02    5.43e-02    2.7e-07
 804000      7.49e-02    5.32e-02      7.94e-04    5.50e-04      6.63e-02    4.71e-02    2.7e-07
 805000      6.94e-02    5.26e-02      1.26e-03    1.49e-03      6.12e-02    4.62e-02    2.7e-07
 806000      6.35e-02    4.00e-02      1.17e-03    1.76e-03      5.62e-02    3.46e-02    2.6e-07
 807000      8.80e-02    6.09e-02      6.50e-03    5.29e-04      7.15e-02    5.42e-02    2.6e-07
 808000      7.83e-02    5.54e-02      5.07e-03    2.41e-03      6.58e-02    4.82e-02    2.6e-07
 809000      6.18e-02    5.33e-02      1.26e-04    5.12e-04      5.51e-02    4.74e-02    2.6e-07
 810000      7.00e-02    6.31e-02      1.85e-03    6.88e-04      6.18e-02    5.61e-02    2.6e-07
 811000      8.44e-02    5.16e-02      5.05e-03    7.02e-04      7.20e-02    4.61e-02    2.5e-07
 812000      6.41e-02    5.49e-02      1.64e-03    1.42e-03      5.68e-02    4.87e-02    2.5e-07
 813000      8.33e-02    4.82e-02      7.09e-03    7.71e-04      6.72e-02    4.31e-02    2.5e-07
 814000      6.56e-02    5.07e-02      1.14e-03    2.19e-03      5.85e-02    4.44e-02    2.5e-07
 815000      6.20e-02    5.50e-02      1.64e-03    1.75e-03      5.51e-02    4.85e-02    2.5e-07
 816000      5.39e-02    3.98e-02      2.59e-03    1.91e-04      4.71e-02    3.58e-02    2.3e-07
 817000      4.43e-02    7.18e-02      1.09e-03    1.46e-03      3.95e-02    6.42e-02    2.3e-07
 818000      8.71e-02    6.56e-02      5.68e-03    5.60e-04      7.36e-02    5.90e-02    2.3e-07
 819000      8.95e-02    5.00e-02      4.65e-03    9.57e-04      7.80e-02    4.48e-02    2.3e-07
 820000      6.06e-02    5.97e-02      3.43e-03    2.36e-03      5.20e-02    5.25e-02    2.3e-07
 821000      5.92e-02    4.70e-02      3.17e-03    7.21e-04      5.13e-02    4.24e-02    2.2e-07
 822000      7.80e-02    7.63e-02      2.58e-03    2.72e-03      6.95e-02    6.75e-02    2.2e-07
 823000      5.60e-02    4.77e-02      2.42e-04    2.51e-04      5.07e-02    4.31e-02    2.2e-07
 824000      6.07e-02    6.88e-02      9.96e-04    1.82e-03      5.47e-02    6.15e-02    2.2e-07
 825000      7.76e-02    6.82e-02      1.87e-03    3.20e-03      6.95e-02    5.97e-02    2.2e-07
 826000      8.54e-02    4.61e-02      6.76e-03    2.33e-03      7.10e-02    4.09e-02    2.1e-07
 827000      5.62e-02    6.09e-02      1.30e-03    2.97e-03      5.06e-02    5.34e-02    2.1e-07
 828000      6.56e-02    4.82e-02      2.87e-03    2.35e-04      5.80e-02    4.38e-02    2.1e-07
 829000      5.55e-02    5.66e-02      1.07e-03    4.04e-03      5.01e-02    4.76e-02    2.1e-07
 830000      8.03e-02    5.93e-02      1.62e-03    5.05e-04      7.25e-02    5.38e-02    2.1e-07
 831000      5.90e-02    4.75e-02      2.89e-03    4.07e-04      5.21e-02    4.33e-02    2.0e-07
 832000      5.56e-02    5.97e-02      3.57e-03    2.81e-03      4.83e-02    5.25e-02    2.0e-07
 833000      7.52e-02    4.21e-02      5.80e-03    8.46e-05      6.26e-02    3.84e-02    2.0e-07
 834000      6.16e-02    3.86e-02      3.19e-03    1.21e-03      5.41e-02    3.46e-02    2.0e-07
 835000      5.11e-02    4.72e-02      2.42e-03    2.79e-04      4.52e-02    4.31e-02    2.0e-07
 836000      6.37e-02    3.75e-02      6.24e-04    2.52e-04      5.83e-02    3.44e-02    1.9e-07
 837000      7.98e-02    4.41e-02      8.32e-03    3.64e-04      6.19e-02    4.04e-02    1.9e-07
 838000      5.37e-02    6.11e-02      1.52e-03    9.40e-04      4.86e-02    5.58e-02    1.9e-07
 839000      7.00e-02    5.18e-02      3.09e-03    9.12e-04      6.18e-02    4.72e-02    1.9e-07
 840000      8.72e-02    4.05e-02      7.22e-03    3.50e-04      7.24e-02    3.71e-02    1.9e-07
 841000      5.78e-02    4.56e-02      3.83e-03    1.05e-03      5.00e-02    4.16e-02    1.8e-07
 842000      4.81e-02    3.99e-02      2.17e-03    2.64e-04      4.26e-02    3.67e-02    1.8e-07
 843000      4.80e-02    6.06e-02      1.01e-03    2.96e-04      4.39e-02    5.58e-02    1.8e-07
 844000      9.57e-02    4.86e-02      4.01e-03    9.93e-04      8.61e-02    4.45e-02    1.8e-07
 845000      6.81e-02    5.19e-02      2.69e-03    1.03e-03      6.12e-02    4.76e-02    1.8e-07
 846000      5.96e-02    5.90e-02      3.35e-03    6.41e-04      5.27e-02    5.44e-02    1.7e-07
 847000      6.60e-02    5.59e-02      4.45e-03    3.52e-03      5.72e-02    4.87e-02    1.7e-07
 848000      5.58e-02    4.70e-02      1.99e-03    1.27e-04      5.05e-02    4.34e-02    1.7e-07
 849000      7.84e-02    6.57e-02      3.03e-03    2.23e-04      7.09e-02    6.07e-02    1.7e-07
 850000      6.86e-02    4.88e-02      2.75e-03    1.96e-04      6.15e-02    4.50e-02    1.7e-07
 851000      7.15e-02    4.32e-02      3.60e-03    4.16e-04      6.42e-02    4.00e-02    1.6e-07
 852000      6.61e-02    3.86e-02      1.17e-03    1.54e-03      6.10e-02    3.52e-02    1.6e-07
 853000      4.88e-02    5.45e-02      9.10e-04    1.38e-03      4.50e-02    5.00e-02    1.6e-07
 854000      8.26e-02    6.25e-02      7.59e-03    3.04e-03      6.77e-02    5.61e-02    1.6e-07
 855000      6.40e-02    3.97e-02      2.98e-03    2.66e-04      5.77e-02    3.68e-02    1.6e-07
 856000      8.26e-02    5.07e-02      1.57e-03    1.08e-03      7.64e-02    4.68e-02    1.6e-07
 857000      8.11e-02    5.81e-02      1.90e-03    2.75e-03      7.47e-02    5.22e-02    1.6e-07
 858000      7.58e-02    5.65e-02      1.23e-03    2.46e-03      7.03e-02    5.12e-02    1.6e-07
 859000      9.79e-02    4.96e-02      2.34e-03    9.92e-04      9.04e-02    4.60e-02    1.6e-07
 860000      4.89e-02    5.06e-02      5.98e-04    1.21e-03      4.54e-02    4.68e-02    1.6e-07
 861000      5.61e-02    5.26e-02      2.44e-03    1.84e-03      5.09e-02    4.81e-02    1.5e-07
 862000      7.29e-02    4.25e-02      3.64e-03    3.01e-04      6.56e-02    3.96e-02    1.5e-07
 863000      5.40e-02    4.22e-02      1.30e-03    5.55e-04      4.99e-02    3.93e-02    1.5e-07
 864000      6.69e-02    5.38e-02      1.39e-03    1.95e-04      6.20e-02    5.02e-02    1.5e-07
 865000      8.53e-02    6.84e-02      5.23e-03    3.92e-03      7.53e-02    6.05e-02    1.5e-07
 866000      6.17e-02    3.97e-02      8.69e-04    1.07e-03      5.76e-02    3.68e-02    1.4e-07
 867000      6.25e-02    6.41e-02      1.06e-03    3.77e-03      5.83e-02    5.70e-02    1.4e-07
 868000      7.51e-02    5.10e-02      1.71e-03    1.69e-03      6.99e-02    4.70e-02    1.4e-07
 869000      6.08e-02    6.27e-02      6.52e-04    1.26e-03      5.69e-02    5.84e-02    1.4e-07
 870000      8.70e-02    5.16e-02      3.66e-03    1.23e-03      7.94e-02    4.79e-02    1.4e-07
 871000      5.44e-02    5.18e-02      4.80e-04    1.38e-03      5.10e-02    4.81e-02    1.3e-07
 872000      7.91e-02    5.31e-02      6.76e-03    6.53e-04      6.69e-02    4.97e-02    1.3e-07
 873000      8.21e-02    6.54e-02      2.05e-03    3.32e-04      7.63e-02    6.14e-02    1.3e-07
 874000      5.51e-02    5.93e-02      2.19e-04    2.15e-04      5.18e-02    5.57e-02    1.3e-07
 875000      7.70e-02    5.99e-02      3.25e-04    2.95e-03      7.23e-02    5.45e-02    1.3e-07
 876000      6.45e-02    6.32e-02      2.61e-03    2.92e-03      5.94e-02    5.74e-02    1.3e-07
 877000      5.54e-02    3.94e-02      5.37e-03    9.20e-05      4.57e-02    3.71e-02    1.3e-07
 878000      5.59e-02    7.07e-02      3.40e-04    1.16e-03      5.26e-02    6.63e-02    1.3e-07
 879000      4.81e-02    5.49e-02      2.79e-03    2.90e-03      4.38e-02    5.00e-02    1.3e-07
 880000      8.41e-02    4.74e-02      7.17e-03    3.71e-04      6.98e-02    4.46e-02    1.3e-07
 881000      5.82e-02    3.90e-02      7.97e-04    3.12e-04      5.48e-02    3.68e-02    1.2e-07
 882000      6.19e-02    6.68e-02      2.85e-04    3.01e-03      5.85e-02    6.17e-02    1.2e-07
 883000      6.06e-02    5.75e-02      2.66e-03    5.21e-04      5.58e-02    5.43e-02    1.2e-07
 884000      6.07e-02    4.61e-02      1.73e-03    6.54e-06      5.66e-02    4.36e-02    1.2e-07
 885000      6.60e-02    6.00e-02      2.96e-04    1.05e-03      6.24e-02    5.64e-02    1.2e-07
 886000      4.50e-02    5.25e-02      1.13e-03    6.76e-04      4.23e-02    4.96e-02    1.1e-07
 887000      4.74e-02    4.46e-02      9.23e-04    1.11e-03      4.47e-02    4.20e-02    1.1e-07
 888000      5.17e-02    4.89e-02      9.29e-04    4.07e-04      4.87e-02    4.63e-02    1.1e-07
 889000      6.90e-02    5.33e-02      2.86e-03    1.53e-03      6.39e-02    4.98e-02    1.1e-07
 890000      5.17e-02    6.26e-02      5.31e-03    1.84e-03      4.21e-02    5.84e-02    1.1e-07
 891000      7.16e-02    4.83e-02      2.41e-03    1.07e-03      6.69e-02    4.55e-02    1.1e-07
 892000      5.94e-02    6.89e-02      8.28e-04    2.68e-03      5.62e-02    6.42e-02    1.1e-07
 893000      6.29e-02    4.48e-02      1.64e-03    2.21e-03      5.92e-02    4.14e-02    1.1e-07
 894000      7.21e-02    6.04e-02      1.19e-03    4.07e-03      6.82e-02    5.42e-02    1.1e-07
 895000      5.51e-02    4.75e-02      2.29e-04    6.99e-04      5.24e-02    4.50e-02    1.1e-07
 896000      8.39e-02    5.60e-02      1.00e-03    1.78e-04      7.97e-02    5.33e-02    1.0e-07
 897000      6.35e-02    6.38e-02      2.58e-03    1.91e-03      5.91e-02    6.00e-02    1.0e-07
 898000      8.40e-02    4.66e-02      7.37e-04    3.08e-04      7.99e-02    4.44e-02    1.0e-07
 899000      6.71e-02    3.45e-02      1.68e-03    1.98e-03      6.32e-02    3.09e-02    1.0e-07
 900000      5.00e-02    4.93e-02      1.77e-03    3.93e-03      4.68e-02    4.40e-02    1.0e-07
 901000      5.58e-02    5.43e-02      6.95e-04    1.59e-03      5.31e-02    5.13e-02    9.8e-08
 902000      6.80e-02    5.30e-02      2.93e-03    2.73e-04      6.31e-02    5.05e-02    9.8e-08
 903000      4.95e-02    5.99e-02      3.00e-03    2.94e-04      4.52e-02    5.71e-02    9.8e-08
 904000      5.01e-02    4.86e-02      7.66e-05    2.30e-03      4.78e-02    4.52e-02    9.8e-08
 905000      7.43e-02    5.34e-02      1.19e-03    1.47e-03      7.06e-02    5.04e-02    9.8e-08
 906000      6.20e-02    4.96e-02      3.49e-03    9.96e-04      5.66e-02    4.72e-02    9.3e-08
 907000      6.70e-02    5.23e-02      2.03e-03    7.92e-04      6.31e-02    4.99e-02    9.3e-08
 908000      7.54e-02    4.61e-02      2.96e-03    9.71e-04      7.05e-02    4.39e-02    9.3e-08
 909000      6.43e-02    5.26e-02      6.36e-04    1.64e-03      6.14e-02    4.97e-02    9.3e-08
 910000      3.14e-02    7.18e-02      1.20e-03    1.05e-03      2.93e-02    6.84e-02    9.3e-08
 911000      5.97e-02    5.75e-02      1.85e-03    3.11e-03      5.63e-02    5.21e-02    8.8e-08
 912000      6.61e-02    5.88e-02      2.09e-03    3.47e-03      6.23e-02    5.33e-02    8.8e-08
 913000      5.52e-02    7.39e-02      2.52e-03    2.53e-04      5.12e-02    7.08e-02    8.8e-08
 914000      4.77e-02    5.53e-02      1.01e-03    1.91e-03      4.54e-02    5.23e-02    8.8e-08
 915000      5.40e-02    5.89e-02      2.51e-03    2.69e-03      5.05e-02    5.48e-02    8.8e-08
 916000      5.03e-02    5.24e-02      8.25e-04    1.10e-03      4.81e-02    4.99e-02    8.4e-08
 917000      4.77e-02    5.07e-02      3.42e-03    4.57e-03      4.36e-02    4.34e-02    8.4e-08
 918000      6.68e-02    4.77e-02      5.02e-03    2.68e-04      5.83e-02    4.58e-02    8.4e-08
 919000      5.36e-02    5.39e-02      1.07e-03    9.93e-04      5.12e-02    5.14e-02    8.4e-08
 920000      6.00e-02    4.78e-02      1.42e-03    1.18e-03      5.72e-02    4.54e-02    8.4e-08
 921000      6.09e-02    5.75e-02      7.31e-04    1.87e-03      5.84e-02    5.46e-02    8.0e-08
 922000      5.81e-02    6.75e-02      1.67e-03    2.19e-03      5.51e-02    6.41e-02    8.0e-08
 923000      5.33e-02    4.83e-02      2.36e-03    4.07e-05      4.98e-02    4.64e-02    8.0e-08
 924000      5.59e-02    4.99e-02      1.30e-03    1.16e-03      5.33e-02    4.76e-02    8.0e-08
 925000      7.48e-02    5.80e-02      3.32e-03    2.34e-03      7.02e-02    5.47e-02    8.0e-08
 926000      4.99e-02    5.65e-02      3.84e-04    2.61e-03      4.81e-02    5.32e-02    7.6e-08
 927000      8.33e-02    3.46e-02      7.62e-03    1.40e-03      7.10e-02    3.25e-02    7.6e-08
 928000      4.75e-02    5.00e-02      9.42e-04    7.37e-04      4.55e-02    4.81e-02    7.6e-08
 929000      5.48e-02    4.48e-02      3.08e-04    1.59e-04      5.28e-02    4.32e-02    7.6e-08
 930000      6.45e-02    5.77e-02      3.29e-03    1.43e-03      6.02e-02    5.52e-02    7.6e-08
 931000      5.67e-02    3.54e-02      1.17e-03    1.61e-03      5.44e-02    3.34e-02    7.2e-08
 932000      5.19e-02    3.77e-02      1.08e-03    4.11e-04      4.98e-02    3.64e-02    7.2e-08
 933000      5.70e-02    5.28e-02      6.62e-04    1.37e-03      5.50e-02    5.06e-02    7.2e-08
 934000      7.01e-02    4.33e-02      9.40e-04    5.40e-04      6.76e-02    4.17e-02    7.2e-08
 935000      5.27e-02    2.76e-02      1.56e-03    1.25e-04      5.04e-02    2.67e-02    7.2e-08
 936000      4.90e-02    5.47e-02      2.10e-04    1.09e-03      4.74e-02    5.25e-02    6.8e-08
 937000      4.99e-02    5.85e-02      1.28e-03    4.85e-04      4.80e-02    5.66e-02    6.8e-08
 938000      8.42e-02    4.33e-02      6.37e-04    1.78e-03      8.14e-02    4.10e-02    6.8e-08
 939000      5.58e-02    7.06e-02      2.02e-03    3.04e-03      5.30e-02    6.60e-02    6.8e-08
 940000      5.82e-02    4.11e-02      8.65e-04    1.06e-03      5.61e-02    3.94e-02    6.8e-08
 941000      6.22e-02    6.70e-02      5.54e-05    2.21e-03      6.03e-02    6.37e-02    6.5e-08
 942000      4.79e-02    6.11e-02      1.29e-03    1.28e-03      4.59e-02    5.89e-02    6.5e-08
 943000      7.97e-02    5.81e-02      2.20e-03    2.74e-03      7.62e-02    5.46e-02    6.5e-08
 944000      5.52e-02    5.62e-02      6.35e-04    6.05e-04      5.34e-02    5.44e-02    6.5e-08
 945000      6.46e-02    5.08e-02      1.96e-03    1.40e-03      6.16e-02    4.86e-02    6.5e-08
 946000      4.96e-02    5.17e-02      4.75e-03    1.19e-03      4.23e-02    4.98e-02    6.2e-08
 947000      6.34e-02    4.99e-02      1.14e-03    2.78e-03      6.13e-02    4.65e-02    6.2e-08
 948000      7.38e-02    7.66e-02      4.51e-03    6.94e-03      6.78e-02    6.42e-02    6.2e-08
 949000      5.22e-02    4.59e-02      6.66e-04    2.18e-03      5.06e-02    4.27e-02    6.2e-08
 950000      5.17e-02    5.38e-02      1.51e-03    3.65e-03      4.98e-02    4.90e-02    6.2e-08
 951000      5.65e-02    4.91e-02      4.02e-03    2.54e-03      5.12e-02    4.61e-02    5.9e-08
 952000      7.63e-02    5.57e-02      4.64e-03    2.28e-04      7.01e-02    5.42e-02    5.9e-08
 953000      7.20e-02    4.66e-02      4.22e-03    6.33e-04      6.61e-02    4.52e-02    5.9e-08
 954000      5.44e-02    5.98e-02      1.31e-03    4.94e-04      5.25e-02    5.81e-02    5.9e-08
 955000      5.22e-02    6.08e-02      2.04e-03    2.46e-03      4.96e-02    5.77e-02    5.9e-08
 956000      7.64e-02    5.82e-02      1.98e-03    1.17e-03      7.35e-02    5.63e-02    5.6e-08
 957000      5.09e-02    4.54e-02      1.39e-03    1.39e-04      4.92e-02    4.42e-02    5.6e-08
 958000      5.50e-02    7.00e-02      4.74e-03    2.16e-03      4.81e-02    6.69e-02    5.6e-08
 959000      8.00e-02    3.78e-02      3.41e-03    2.08e-03      7.54e-02    3.55e-02    5.6e-08
 960000      6.58e-02    7.41e-02      3.85e-05    4.76e-03      6.41e-02    6.74e-02    5.6e-08
 961000      5.78e-02    5.25e-02      1.68e-03    4.57e-04      5.55e-02    5.11e-02    5.3e-08
 962000      4.58e-02    7.06e-02      2.67e-04    1.91e-03      4.46e-02    6.81e-02    5.3e-08
 963000      7.10e-02    4.09e-02      5.29e-03    3.20e-04      6.40e-02    3.98e-02    5.3e-08
 964000      5.22e-02    5.04e-02      1.36e-03    1.15e-04      5.03e-02    4.91e-02    5.3e-08
 965000      5.20e-02    7.17e-02      3.00e-03    4.20e-03      4.82e-02    6.64e-02    5.3e-08
 966000      6.28e-02    4.58e-02      3.38e-04    6.84e-04      6.13e-02    4.46e-02    5.0e-08
 967000      6.21e-02    5.09e-02      2.65e-04    7.85e-04      6.06e-02    4.95e-02    5.0e-08
 968000      7.65e-02    5.57e-02      3.18e-03    3.45e-03      7.23e-02    5.12e-02    5.0e-08
 969000      5.30e-02    5.30e-02      5.16e-03    9.75e-04      4.52e-02    5.15e-02    5.0e-08
 970000      7.07e-02    4.46e-02      5.62e-03    5.55e-04      6.31e-02    4.34e-02    5.0e-08
 971000      7.79e-02    6.11e-02      6.15e-03    3.15e-03      6.97e-02    5.74e-02    4.8e-08
 972000      7.73e-02    5.29e-02      7.56e-03    1.39e-03      6.54e-02    5.11e-02    4.8e-08
 973000      7.61e-02    5.36e-02      1.17e-03    9.64e-04      7.40e-02    5.21e-02    4.8e-08
 974000      8.90e-02    6.62e-02      1.58e-03    4.07e-03      8.66e-02    6.18e-02    4.8e-08
 975000      5.65e-02    6.19e-02      2.35e-03    1.75e-03      5.38e-02    5.97e-02    4.8e-08
 976000      7.02e-02    4.73e-02      1.67e-04    5.26e-04      6.86e-02    4.61e-02    4.5e-08
 977000      7.29e-02    7.42e-02      1.70e-04    3.02e-03      7.13e-02    7.03e-02    4.5e-08
 978000      4.56e-02    5.68e-02      3.35e-03    2.68e-03      4.23e-02    5.32e-02    4.5e-08
 979000      6.11e-02    4.60e-02      7.47e-04    4.89e-04      5.96e-02    4.50e-02    4.5e-08
 980000      6.15e-02    5.62e-02      2.15e-03    1.95e-03      5.90e-02    5.37e-02    4.5e-08
 981000      1.10e-01    3.45e-02      5.00e-03    2.11e-03      1.05e-01    3.25e-02    4.3e-08
 982000      6.92e-02    5.26e-02      5.54e-03    1.77e-03      6.06e-02    5.05e-02    4.3e-08
 983000      6.01e-02    5.47e-02      1.41e-03    2.73e-03      5.84e-02    5.18e-02    4.3e-08
 984000      4.89e-02    5.60e-02      1.15e-03    3.94e-04      4.75e-02    5.48e-02    4.3e-08
 985000      5.62e-02    5.50e-02      9.54e-04    2.01e-03      5.48e-02    5.27e-02    4.3e-08
 986000      5.10e-02    5.22e-02      1.18e-03    4.53e-04      4.95e-02    5.11e-02    4.1e-08
 987000      4.88e-02    5.55e-02      2.47e-03    5.82e-04      4.57e-02    5.43e-02    4.1e-08
 988000      5.68e-02    6.40e-02      2.45e-03    1.53e-03      5.43e-02    6.20e-02    4.1e-08
 989000      8.61e-02    5.67e-02      1.32e-03    2.88e-03      8.42e-02    5.35e-02    4.1e-08
 990000      6.02e-02    5.13e-02      6.51e-04    2.17e-03      5.88e-02    4.87e-02    4.1e-08
 991000      7.02e-02    4.55e-02      1.76e-03    7.48e-04      6.83e-02    4.44e-02    3.9e-08
 992000      6.78e-02    5.71e-02      2.57e-03    6.67e-04      6.52e-02    5.59e-02    3.9e-08
 993000      7.17e-02    4.45e-02      1.22e-03    6.59e-04      7.01e-02    4.36e-02    3.9e-08
 994000      6.99e-02    4.17e-02      1.47e-03    1.81e-04      6.82e-02    4.09e-02    3.9e-08
 995000      6.05e-02    4.45e-02      8.00e-04    3.40e-04      5.92e-02    4.36e-02    3.9e-08
 996000      5.50e-02    6.50e-02      9.68e-04    1.26e-03      5.39e-02    6.35e-02    3.7e-08
 997000      5.17e-02    4.88e-02      2.56e-03    4.69e-03      4.90e-02    4.20e-02    3.7e-08
 998000      7.08e-02    5.57e-02      3.72e-03    1.41e-03      6.65e-02    5.41e-02    3.7e-08
 999000      5.37e-02    4.51e-02      2.15e-03    1.72e-03      5.17e-02    4.36e-02    3.7e-08
1000000      5.67e-02    7.32e-02      6.61e-04    2.02e-03      5.56e-02    7.11e-02    3.7e-08
